ARM GAS  C:\Users\ANDERS~1\AppData\Local\Temp\ccpfFKCS.s 			page 1


   1              		.syntax unified
   2              		.cpu cortex-m3
   3              		.fpu softvfp
   4              		.eabi_attribute 20, 1
   5              		.eabi_attribute 21, 1
   6              		.eabi_attribute 23, 3
   7              		.eabi_attribute 24, 1
   8              		.eabi_attribute 25, 1
   9              		.eabi_attribute 26, 1
  10              		.eabi_attribute 30, 1
  11              		.eabi_attribute 34, 1
  12              		.eabi_attribute 18, 4
  13              		.thumb
  14              		.syntax unified
  15              		.file	"cymetadata.c"
  16              		.text
  17              	.Ltext0:
  18              		.cfi_sections	.debug_frame
  19              		.global	cy_metadata
  20              		.global	cy_meta_flashprotect
  21              		.global	cy_meta_wonvl
  22              		.global	cy_meta_custnvl
  23              		.global	cy_meta_configecc
  24              		.section	.cyconfigecc,"a",%progbits
  25              		.align	2
  26              		.type	cy_meta_configecc, %object
  27              		.size	cy_meta_configecc, 1056
  28              	cy_meta_configecc:
  29 0000 01       		.byte	1
  30 0001 52       		.byte	82
  31 0002 00       		.byte	0
  32 0003 40       		.byte	64
  33 0004 02       		.byte	2
  34 0005 64       		.byte	100
  35 0006 00       		.byte	0
  36 0007 40       		.byte	64
  37 0008 02       		.byte	2
  38 0009 65       		.byte	101
  39 000a 00       		.byte	0
  40 000b 40       		.byte	64
  41 000c 01       		.byte	1
  42 000d 07       		.byte	7
  43 000e 01       		.byte	1
  44 000f 40       		.byte	64
  45 0010 62       		.byte	98
  46 0011 08       		.byte	8
  47 0012 01       		.byte	1
  48 0013 40       		.byte	64
  49 0014 37       		.byte	55
  50 0015 09       		.byte	9
  51 0016 01       		.byte	1
  52 0017 40       		.byte	64
  53 0018 07       		.byte	7
  54 0019 18       		.byte	24
  55 001a 01       		.byte	1
  56 001b 40       		.byte	64
  57 001c 3E       		.byte	62
ARM GAS  C:\Users\ANDERS~1\AppData\Local\Temp\ccpfFKCS.s 			page 2


  58 001d 19       		.byte	25
  59 001e 01       		.byte	1
  60 001f 40       		.byte	64
  61 0020 56       		.byte	86
  62 0021 1A       		.byte	26
  63 0022 01       		.byte	1
  64 0023 40       		.byte	64
  65 0024 49       		.byte	73
  66 0025 1B       		.byte	27
  67 0026 01       		.byte	1
  68 0027 40       		.byte	64
  69 0028 02       		.byte	2
  70 0029 40       		.byte	64
  71 002a 01       		.byte	1
  72 002b 40       		.byte	64
  73 002c 01       		.byte	1
  74 002d 41       		.byte	65
  75 002e 01       		.byte	1
  76 002f 40       		.byte	64
  77 0030 01       		.byte	1
  78 0031 42       		.byte	66
  79 0032 01       		.byte	1
  80 0033 40       		.byte	64
  81 0034 03       		.byte	3
  82 0035 43       		.byte	67
  83 0036 01       		.byte	1
  84 0037 40       		.byte	64
  85 0038 02       		.byte	2
  86 0039 4C       		.byte	76
  87 003a 01       		.byte	1
  88 003b 40       		.byte	64
  89 003c 09       		.byte	9
  90 003d 4D       		.byte	77
  91 003e 01       		.byte	1
  92 003f 40       		.byte	64
  93 0040 04       		.byte	4
  94 0041 50       		.byte	80
  95 0042 01       		.byte	1
  96 0043 40       		.byte	64
  97 0044 01       		.byte	1
  98 0045 51       		.byte	81
  99 0046 01       		.byte	1
 100 0047 40       		.byte	64
 101 0048 09       		.byte	9
 102 0049 40       		.byte	64
 103 004a 88       		.byte	-120
 104 004b 0D       		.byte	13
 105 004c 89       		.byte	-119
 106 004d 38       		.byte	56
 107 004e 89       		.byte	-119
 108 004f 72       		.byte	114
 109 0050 8B       		.byte	-117
 110 0051 0F       		.byte	15
 111 0052 E6       		.byte	-26
 112 0053 02       		.byte	2
 113 0054 04       		.byte	4
 114 0055 02       		.byte	2
ARM GAS  C:\Users\ANDERS~1\AppData\Local\Temp\ccpfFKCS.s 			page 3


 115 0056 06       		.byte	6
 116 0057 0C       		.byte	12
 117 0058 0B       		.byte	11
 118 0059 0E       		.byte	14
 119 005a 0C       		.byte	12
 120 005b 18       		.byte	24
 121 005c 0E       		.byte	14
 122 005d 06       		.byte	6
 123 005e 13       		.byte	19
 124 005f 01       		.byte	1
 125 0060 15       		.byte	21
 126 0061 08       		.byte	8
 127 0062 16       		.byte	22
 128 0063 06       		.byte	6
 129 0064 1A       		.byte	26
 130 0065 01       		.byte	1
 131 0066 1B       		.byte	27
 132 0067 02       		.byte	2
 133 0068 1E       		.byte	30
 134 0069 18       		.byte	24
 135 006a 24       		.byte	36
 136 006b 02       		.byte	2
 137 006c 26       		.byte	38
 138 006d 1C       		.byte	28
 139 006e 2A       		.byte	42
 140 006f 01       		.byte	1
 141 0070 2E       		.byte	46
 142 0071 10       		.byte	16
 143 0072 31       		.byte	49
 144 0073 02       		.byte	2
 145 0074 33       		.byte	51
 146 0075 01       		.byte	1
 147 0076 34       		.byte	52
 148 0077 01       		.byte	1
 149 0078 35       		.byte	53
 150 0079 04       		.byte	4
 151 007a 36       		.byte	54
 152 007b 1E       		.byte	30
 153 007c 37       		.byte	55
 154 007d 08       		.byte	8
 155 007e 3A       		.byte	58
 156 007f 80       		.byte	-128
 157 0080 3E       		.byte	62
 158 0081 10       		.byte	16
 159 0082 40       		.byte	64
 160 0083 20       		.byte	32
 161 0084 41       		.byte	65
 162 0085 03       		.byte	3
 163 0086 45       		.byte	69
 164 0087 D2       		.byte	-46
 165 0088 46       		.byte	70
 166 0089 10       		.byte	16
 167 008a 48       		.byte	72
 168 008b 0B       		.byte	11
 169 008c 49       		.byte	73
 170 008d FF       		.byte	-1
 171 008e 4A       		.byte	74
ARM GAS  C:\Users\ANDERS~1\AppData\Local\Temp\ccpfFKCS.s 			page 4


 172 008f FF       		.byte	-1
 173 0090 4B       		.byte	75
 174 0091 FF       		.byte	-1
 175 0092 4D       		.byte	77
 176 0093 A0       		.byte	-96
 177 0094 4F       		.byte	79
 178 0095 04       		.byte	4
 179 0096 50       		.byte	80
 180 0097 18       		.byte	24
 181 0098 52       		.byte	82
 182 0099 80       		.byte	-128
 183 009a 54       		.byte	84
 184 009b 05       		.byte	5
 185 009c 58       		.byte	88
 186 009d 04       		.byte	4
 187 009e 59       		.byte	89
 188 009f 04       		.byte	4
 189 00a0 5A       		.byte	90
 190 00a1 04       		.byte	4
 191 00a2 5B       		.byte	91
 192 00a3 04       		.byte	4
 193 00a4 5C       		.byte	92
 194 00a5 01       		.byte	1
 195 00a6 5F       		.byte	95
 196 00a7 01       		.byte	1
 197 00a8 60       		.byte	96
 198 00a9 40       		.byte	64
 199 00aa 62       		.byte	98
 200 00ab C0       		.byte	-64
 201 00ac 64       		.byte	100
 202 00ad 40       		.byte	64
 203 00ae 65       		.byte	101
 204 00af 40       		.byte	64
 205 00b0 66       		.byte	102
 206 00b1 C0       		.byte	-64
 207 00b2 68       		.byte	104
 208 00b3 C0       		.byte	-64
 209 00b4 6A       		.byte	106
 210 00b5 C0       		.byte	-64
 211 00b6 6C       		.byte	108
 212 00b7 C0       		.byte	-64
 213 00b8 6E       		.byte	110
 214 00b9 C0       		.byte	-64
 215 00ba 83       		.byte	-125
 216 00bb 02       		.byte	2
 217 00bc 84       		.byte	-124
 218 00bd 0E       		.byte	14
 219 00be 87       		.byte	-121
 220 00bf 01       		.byte	1
 221 00c0 88       		.byte	-120
 222 00c1 0E       		.byte	14
 223 00c2 8F       		.byte	-113
 224 00c3 02       		.byte	2
 225 00c4 92       		.byte	-110
 226 00c5 01       		.byte	1
 227 00c6 95       		.byte	-107
 228 00c7 01       		.byte	1
ARM GAS  C:\Users\ANDERS~1\AppData\Local\Temp\ccpfFKCS.s 			page 5


 229 00c8 9B       		.byte	-101
 230 00c9 01       		.byte	1
 231 00ca 9C       		.byte	-100
 232 00cb 04       		.byte	4
 233 00cc 9E       		.byte	-98
 234 00cd 08       		.byte	8
 235 00ce A2       		.byte	-94
 236 00cf 01       		.byte	1
 237 00d0 A4       		.byte	-92
 238 00d1 10       		.byte	16
 239 00d2 A6       		.byte	-90
 240 00d3 02       		.byte	2
 241 00d4 A9       		.byte	-87
 242 00d5 01       		.byte	1
 243 00d6 B0       		.byte	-80
 244 00d7 01       		.byte	1
 245 00d8 B2       		.byte	-78
 246 00d9 06       		.byte	6
 247 00da B5       		.byte	-75
 248 00db 02       		.byte	2
 249 00dc B6       		.byte	-74
 250 00dd 18       		.byte	24
 251 00de B7       		.byte	-73
 252 00df 01       		.byte	1
 253 00e0 B8       		.byte	-72
 254 00e1 88       		.byte	-120
 255 00e2 B9       		.byte	-71
 256 00e3 80       		.byte	-128
 257 00e4 BB       		.byte	-69
 258 00e5 08       		.byte	8
 259 00e6 BE       		.byte	-66
 260 00e7 05       		.byte	5
 261 00e8 BF       		.byte	-65
 262 00e9 10       		.byte	16
 263 00ea C0       		.byte	-64
 264 00eb 03       		.byte	3
 265 00ec C7       		.byte	-57
 266 00ed 40       		.byte	64
 267 00ee C9       		.byte	-55
 268 00ef FF       		.byte	-1
 269 00f0 CA       		.byte	-54
 270 00f1 07       		.byte	7
 271 00f2 CB       		.byte	-53
 272 00f3 FF       		.byte	-1
 273 00f4 CC       		.byte	-52
 274 00f5 40       		.byte	64
 275 00f6 CD       		.byte	-51
 276 00f7 20       		.byte	32
 277 00f8 CE       		.byte	-50
 278 00f9 F0       		.byte	-16
 279 00fa CF       		.byte	-49
 280 00fb 05       		.byte	5
 281 00fc D0       		.byte	-48
 282 00fd 08       		.byte	8
 283 00fe D4       		.byte	-44
 284 00ff 18       		.byte	24
 285 0100 D6       		.byte	-42
ARM GAS  C:\Users\ANDERS~1\AppData\Local\Temp\ccpfFKCS.s 			page 6


 286 0101 04       		.byte	4
 287 0102 D8       		.byte	-40
 288 0103 04       		.byte	4
 289 0104 D9       		.byte	-39
 290 0105 04       		.byte	4
 291 0106 DA       		.byte	-38
 292 0107 04       		.byte	4
 293 0108 DB       		.byte	-37
 294 0109 04       		.byte	4
 295 010a DC       		.byte	-36
 296 010b 11       		.byte	17
 297 010c DD       		.byte	-35
 298 010d 11       		.byte	17
 299 010e DF       		.byte	-33
 300 010f 01       		.byte	1
 301 0110 E0       		.byte	-32
 302 0111 40       		.byte	64
 303 0112 E1       		.byte	-31
 304 0113 A8       		.byte	-88
 305 0114 E2       		.byte	-30
 306 0115 40       		.byte	64
 307 0116 E3       		.byte	-29
 308 0117 20       		.byte	32
 309 0118 00       		.byte	0
 310 0119 08       		.byte	8
 311 011a 03       		.byte	3
 312 011b 14       		.byte	20
 313 011c 05       		.byte	5
 314 011d 40       		.byte	64
 315 011e 07       		.byte	7
 316 011f 10       		.byte	16
 317 0120 09       		.byte	9
 318 0121 80       		.byte	-128
 319 0122 0A       		.byte	10
 320 0123 80       		.byte	-128
 321 0124 0C       		.byte	12
 322 0125 10       		.byte	16
 323 0126 0E       		.byte	14
 324 0127 21       		.byte	33
 325 0128 0F       		.byte	15
 326 0129 08       		.byte	8
 327 012a 10       		.byte	16
 328 012b 20       		.byte	32
 329 012c 12       		.byte	18
 330 012d 80       		.byte	-128
 331 012e 16       		.byte	22
 332 012f 01       		.byte	1
 333 0130 17       		.byte	23
 334 0131 24       		.byte	36
 335 0132 18       		.byte	24
 336 0133 10       		.byte	16
 337 0134 1A       		.byte	26
 338 0135 01       		.byte	1
 339 0136 1B       		.byte	27
 340 0137 01       		.byte	1
 341 0138 1D       		.byte	29
 342 0139 C0       		.byte	-64
ARM GAS  C:\Users\ANDERS~1\AppData\Local\Temp\ccpfFKCS.s 			page 7


 343 013a 1E       		.byte	30
 344 013b 0A       		.byte	10
 345 013c 21       		.byte	33
 346 013d 08       		.byte	8
 347 013e 23       		.byte	35
 348 013f 05       		.byte	5
 349 0140 26       		.byte	38
 350 0141 40       		.byte	64
 351 0142 27       		.byte	39
 352 0143 68       		.byte	104
 353 0144 29       		.byte	41
 354 0145 20       		.byte	32
 355 0146 31       		.byte	49
 356 0147 08       		.byte	8
 357 0148 32       		.byte	50
 358 0149 10       		.byte	16
 359 014a 35       		.byte	53
 360 014b 01       		.byte	1
 361 014c 37       		.byte	55
 362 014d 28       		.byte	40
 363 014e 38       		.byte	56
 364 014f 80       		.byte	-128
 365 0150 39       		.byte	57
 366 0151 08       		.byte	8
 367 0152 3B       		.byte	59
 368 0153 01       		.byte	1
 369 0154 3F       		.byte	63
 370 0155 20       		.byte	32
 371 0156 40       		.byte	64
 372 0157 10       		.byte	16
 373 0158 44       		.byte	68
 374 0159 10       		.byte	16
 375 015a 47       		.byte	71
 376 015b 20       		.byte	32
 377 015c 48       		.byte	72
 378 015d 20       		.byte	32
 379 015e 4A       		.byte	74
 380 015f 10       		.byte	16
 381 0160 4D       		.byte	77
 382 0161 01       		.byte	1
 383 0162 4F       		.byte	79
 384 0163 08       		.byte	8
 385 0164 52       		.byte	82
 386 0165 01       		.byte	1
 387 0166 57       		.byte	87
 388 0167 10       		.byte	16
 389 0168 5A       		.byte	90
 390 0169 02       		.byte	2
 391 016a 5D       		.byte	93
 392 016b 01       		.byte	1
 393 016c 5E       		.byte	94
 394 016d 88       		.byte	-120
 395 016e 63       		.byte	99
 396 016f 46       		.byte	70
 397 0170 75       		.byte	117
 398 0171 01       		.byte	1
 399 0172 87       		.byte	-121
ARM GAS  C:\Users\ANDERS~1\AppData\Local\Temp\ccpfFKCS.s 			page 8


 400 0173 40       		.byte	64
 401 0174 C0       		.byte	-64
 402 0175 A6       		.byte	-90
 403 0176 C2       		.byte	-62
 404 0177 E9       		.byte	-23
 405 0178 C4       		.byte	-60
 406 0179 EC       		.byte	-20
 407 017a CA       		.byte	-54
 408 017b 04       		.byte	4
 409 017c CC       		.byte	-52
 410 017d E6       		.byte	-26
 411 017e CE       		.byte	-50
 412 017f 2B       		.byte	43
 413 0180 D0       		.byte	-48
 414 0181 62       		.byte	98
 415 0182 D6       		.byte	-42
 416 0183 D1       		.byte	-47
 417 0184 D8       		.byte	-40
 418 0185 0D       		.byte	13
 419 0186 05       		.byte	5
 420 0187 01       		.byte	1
 421 0188 09       		.byte	9
 422 0189 01       		.byte	1
 423 018a 2D       		.byte	45
 424 018b 01       		.byte	1
 425 018c 33       		.byte	51
 426 018d 01       		.byte	1
 427 018e 59       		.byte	89
 428 018f 04       		.byte	4
 429 0190 5C       		.byte	92
 430 0191 10       		.byte	16
 431 0192 5F       		.byte	95
 432 0193 01       		.byte	1
 433 0194 00       		.byte	0
 434 0195 82       		.byte	-126
 435 0196 03       		.byte	3
 436 0197 19       		.byte	25
 437 0198 08       		.byte	8
 438 0199 80       		.byte	-128
 439 019a 09       		.byte	9
 440 019b 08       		.byte	8
 441 019c 0A       		.byte	10
 442 019d 48       		.byte	72
 443 019e 0B       		.byte	11
 444 019f 42       		.byte	66
 445 01a0 10       		.byte	16
 446 01a1 80       		.byte	-128
 447 01a2 13       		.byte	19
 448 01a3 24       		.byte	36
 449 01a4 18       		.byte	24
 450 01a5 01       		.byte	1
 451 01a6 19       		.byte	25
 452 01a7 21       		.byte	33
 453 01a8 1A       		.byte	26
 454 01a9 20       		.byte	32
 455 01aa 1B       		.byte	27
 456 01ab 08       		.byte	8
ARM GAS  C:\Users\ANDERS~1\AppData\Local\Temp\ccpfFKCS.s 			page 9


 457 01ac 21       		.byte	33
 458 01ad 04       		.byte	4
 459 01ae 22       		.byte	34
 460 01af 45       		.byte	69
 461 01b0 27       		.byte	39
 462 01b1 10       		.byte	16
 463 01b2 28       		.byte	40
 464 01b3 01       		.byte	1
 465 01b4 29       		.byte	41
 466 01b5 04       		.byte	4
 467 01b6 2A       		.byte	42
 468 01b7 02       		.byte	2
 469 01b8 2B       		.byte	43
 470 01b9 08       		.byte	8
 471 01ba 2D       		.byte	45
 472 01bb 40       		.byte	64
 473 01bc 30       		.byte	48
 474 01bd 80       		.byte	-128
 475 01be 32       		.byte	50
 476 01bf 04       		.byte	4
 477 01c0 33       		.byte	51
 478 01c1 11       		.byte	17
 479 01c2 38       		.byte	56
 480 01c3 28       		.byte	40
 481 01c4 3B       		.byte	59
 482 01c5 42       		.byte	66
 483 01c6 3D       		.byte	61
 484 01c7 14       		.byte	20
 485 01c8 40       		.byte	64
 486 01c9 01       		.byte	1
 487 01ca 41       		.byte	65
 488 01cb 08       		.byte	8
 489 01cc 43       		.byte	67
 490 01cd 10       		.byte	16
 491 01ce 49       		.byte	73
 492 01cf A0       		.byte	-96
 493 01d0 4A       		.byte	74
 494 01d1 80       		.byte	-128
 495 01d2 50       		.byte	80
 496 01d3 40       		.byte	64
 497 01d4 59       		.byte	89
 498 01d5 81       		.byte	-127
 499 01d6 5A       		.byte	90
 500 01d7 80       		.byte	-128
 501 01d8 69       		.byte	105
 502 01d9 54       		.byte	84
 503 01da 70       		.byte	112
 504 01db 94       		.byte	-108
 505 01dc 73       		.byte	115
 506 01dd 24       		.byte	36
 507 01de 88       		.byte	-120
 508 01df 01       		.byte	1
 509 01e0 89       		.byte	-119
 510 01e1 08       		.byte	8
 511 01e2 92       		.byte	-110
 512 01e3 01       		.byte	1
 513 01e4 94       		.byte	-108
ARM GAS  C:\Users\ANDERS~1\AppData\Local\Temp\ccpfFKCS.s 			page 10


 514 01e5 80       		.byte	-128
 515 01e6 95       		.byte	-107
 516 01e7 08       		.byte	8
 517 01e8 96       		.byte	-106
 518 01e9 A2       		.byte	-94
 519 01ea 9A       		.byte	-102
 520 01eb 01       		.byte	1
 521 01ec 9B       		.byte	-101
 522 01ed 40       		.byte	64
 523 01ee 9D       		.byte	-99
 524 01ef 20       		.byte	32
 525 01f0 9F       		.byte	-97
 526 01f1 04       		.byte	4
 527 01f2 A1       		.byte	-95
 528 01f3 08       		.byte	8
 529 01f4 A2       		.byte	-94
 530 01f5 03       		.byte	3
 531 01f6 A4       		.byte	-92
 532 01f7 04       		.byte	4
 533 01f8 A6       		.byte	-90
 534 01f9 80       		.byte	-128
 535 01fa B0       		.byte	-80
 536 01fb 20       		.byte	32
 537 01fc B2       		.byte	-78
 538 01fd 02       		.byte	2
 539 01fe C0       		.byte	-64
 540 01ff 0F       		.byte	15
 541 0200 C2       		.byte	-62
 542 0201 0F       		.byte	15
 543 0202 C4       		.byte	-60
 544 0203 0E       		.byte	14
 545 0204 CA       		.byte	-54
 546 0205 1F       		.byte	31
 547 0206 CC       		.byte	-52
 548 0207 0F       		.byte	15
 549 0208 CE       		.byte	-50
 550 0209 6F       		.byte	111
 551 020a D0       		.byte	-48
 552 020b 0E       		.byte	14
 553 020c D2       		.byte	-46
 554 020d 0C       		.byte	12
 555 020e D6       		.byte	-42
 556 020f 01       		.byte	1
 557 0210 03       		.byte	3
 558 0211 08       		.byte	8
 559 0212 05       		.byte	5
 560 0213 70       		.byte	112
 561 0214 09       		.byte	9
 562 0215 70       		.byte	112
 563 0216 0F       		.byte	15
 564 0217 05       		.byte	5
 565 0218 10       		.byte	16
 566 0219 02       		.byte	2
 567 021a 11       		.byte	17
 568 021b 10       		.byte	16
 569 021c 12       		.byte	18
 570 021d 01       		.byte	1
ARM GAS  C:\Users\ANDERS~1\AppData\Local\Temp\ccpfFKCS.s 			page 11


 571 021e 13       		.byte	19
 572 021f 60       		.byte	96
 573 0220 15       		.byte	21
 574 0221 03       		.byte	3
 575 0222 17       		.byte	23
 576 0223 04       		.byte	4
 577 0224 18       		.byte	24
 578 0225 01       		.byte	1
 579 0226 19       		.byte	25
 580 0227 03       		.byte	3
 581 0228 1A       		.byte	26
 582 0229 06       		.byte	6
 583 022a 1B       		.byte	27
 584 022b 0C       		.byte	12
 585 022c 1D       		.byte	29
 586 022d 40       		.byte	64
 587 022e 1F       		.byte	31
 588 022f 10       		.byte	16
 589 0230 21       		.byte	33
 590 0231 03       		.byte	3
 591 0232 23       		.byte	35
 592 0233 04       		.byte	4
 593 0234 24       		.byte	36
 594 0235 03       		.byte	3
 595 0236 25       		.byte	37
 596 0237 20       		.byte	32
 597 0238 27       		.byte	39
 598 0239 10       		.byte	16
 599 023a 28       		.byte	40
 600 023b 03       		.byte	3
 601 023c 2D       		.byte	45
 602 023d 0A       		.byte	10
 603 023e 2F       		.byte	47
 604 023f 04       		.byte	4
 605 0240 30       		.byte	48
 606 0241 03       		.byte	3
 607 0242 31       		.byte	49
 608 0243 70       		.byte	112
 609 0244 32       		.byte	50
 610 0245 04       		.byte	4
 611 0246 35       		.byte	53
 612 0247 0F       		.byte	15
 613 0248 3B       		.byte	59
 614 0249 20       		.byte	32
 615 024a 58       		.byte	88
 616 024b 04       		.byte	4
 617 024c 59       		.byte	89
 618 024d 04       		.byte	4
 619 024e 5C       		.byte	92
 620 024f 11       		.byte	17
 621 0250 5F       		.byte	95
 622 0251 01       		.byte	1
 623 0252 80       		.byte	-128
 624 0253 02       		.byte	2
 625 0254 82       		.byte	-126
 626 0255 0C       		.byte	12
 627 0256 84       		.byte	-124
ARM GAS  C:\Users\ANDERS~1\AppData\Local\Temp\ccpfFKCS.s 			page 12


 628 0257 30       		.byte	48
 629 0258 86       		.byte	-122
 630 0259 44       		.byte	68
 631 025a 88       		.byte	-120
 632 025b 40       		.byte	64
 633 025c 8A       		.byte	-118
 634 025d 30       		.byte	48
 635 025e 8F       		.byte	-113
 636 025f 01       		.byte	1
 637 0260 91       		.byte	-111
 638 0261 0C       		.byte	12
 639 0262 93       		.byte	-109
 640 0263 03       		.byte	3
 641 0264 94       		.byte	-108
 642 0265 50       		.byte	80
 643 0266 95       		.byte	-107
 644 0267 01       		.byte	1
 645 0268 97       		.byte	-105
 646 0269 0A       		.byte	10
 647 026a 99       		.byte	-103
 648 026b 01       		.byte	1
 649 026c 9B       		.byte	-101
 650 026d 06       		.byte	6
 651 026e 9C       		.byte	-100
 652 026f 24       		.byte	36
 653 0270 9E       		.byte	-98
 654 0271 40       		.byte	64
 655 0272 9F       		.byte	-97
 656 0273 04       		.byte	4
 657 0274 A0       		.byte	-96
 658 0275 70       		.byte	112
 659 0276 A2       		.byte	-94
 660 0277 08       		.byte	8
 661 0278 A3       		.byte	-93
 662 0279 0C       		.byte	12
 663 027a A8       		.byte	-88
 664 027b 01       		.byte	1
 665 027c AC       		.byte	-84
 666 027d 40       		.byte	64
 667 027e AF       		.byte	-81
 668 027f 03       		.byte	3
 669 0280 B0       		.byte	-80
 670 0281 7C       		.byte	124
 671 0282 B1       		.byte	-79
 672 0283 01       		.byte	1
 673 0284 B4       		.byte	-76
 674 0285 01       		.byte	1
 675 0286 B5       		.byte	-75
 676 0287 0E       		.byte	14
 677 0288 B6       		.byte	-74
 678 0289 02       		.byte	2
 679 028a BB       		.byte	-69
 680 028b 20       		.byte	32
 681 028c BE       		.byte	-66
 682 028d 50       		.byte	80
 683 028e BF       		.byte	-65
 684 028f 01       		.byte	1
ARM GAS  C:\Users\ANDERS~1\AppData\Local\Temp\ccpfFKCS.s 			page 13


 685 0290 C0       		.byte	-64
 686 0291 35       		.byte	53
 687 0292 C1       		.byte	-63
 688 0293 02       		.byte	2
 689 0294 C6       		.byte	-58
 690 0295 BC       		.byte	-68
 691 0296 C7       		.byte	-57
 692 0297 0E       		.byte	14
 693 0298 C8       		.byte	-56
 694 0299 1C       		.byte	28
 695 029a C9       		.byte	-55
 696 029b FF       		.byte	-1
 697 029c CA       		.byte	-54
 698 029d FF       		.byte	-1
 699 029e CB       		.byte	-53
 700 029f FF       		.byte	-1
 701 02a0 CE       		.byte	-50
 702 02a1 F0       		.byte	-16
 703 02a2 CF       		.byte	-49
 704 02a3 44       		.byte	68
 705 02a4 D0       		.byte	-48
 706 02a5 0C       		.byte	12
 707 02a6 D4       		.byte	-44
 708 02a7 01       		.byte	1
 709 02a8 D8       		.byte	-40
 710 02a9 04       		.byte	4
 711 02aa D9       		.byte	-39
 712 02ab 04       		.byte	4
 713 02ac DA       		.byte	-38
 714 02ad 04       		.byte	4
 715 02ae DB       		.byte	-37
 716 02af 04       		.byte	4
 717 02b0 DC       		.byte	-36
 718 02b1 11       		.byte	17
 719 02b2 DD       		.byte	-35
 720 02b3 11       		.byte	17
 721 02b4 DF       		.byte	-33
 722 02b5 01       		.byte	1
 723 02b6 E6       		.byte	-26
 724 02b7 C0       		.byte	-64
 725 02b8 EA       		.byte	-22
 726 02b9 40       		.byte	64
 727 02ba EB       		.byte	-21
 728 02bb 02       		.byte	2
 729 02bc 04       		.byte	4
 730 02bd 08       		.byte	8
 731 02be 05       		.byte	5
 732 02bf 01       		.byte	1
 733 02c0 07       		.byte	7
 734 02c1 08       		.byte	8
 735 02c2 08       		.byte	8
 736 02c3 20       		.byte	32
 737 02c4 0A       		.byte	10
 738 02c5 40       		.byte	64
 739 02c6 0E       		.byte	14
 740 02c7 01       		.byte	1
 741 02c8 0F       		.byte	15
ARM GAS  C:\Users\ANDERS~1\AppData\Local\Temp\ccpfFKCS.s 			page 14


 742 02c9 20       		.byte	32
 743 02ca 11       		.byte	17
 744 02cb 14       		.byte	20
 745 02cc 16       		.byte	22
 746 02cd 05       		.byte	5
 747 02ce 17       		.byte	23
 748 02cf 41       		.byte	65
 749 02d0 19       		.byte	25
 750 02d1 04       		.byte	4
 751 02d2 1A       		.byte	26
 752 02d3 C0       		.byte	-64
 753 02d4 1D       		.byte	29
 754 02d5 01       		.byte	1
 755 02d6 1E       		.byte	30
 756 02d7 08       		.byte	8
 757 02d8 1F       		.byte	31
 758 02d9 40       		.byte	64
 759 02da 20       		.byte	32
 760 02db 88       		.byte	-120
 761 02dc 21       		.byte	33
 762 02dd 20       		.byte	32
 763 02de 22       		.byte	34
 764 02df 01       		.byte	1
 765 02e0 23       		.byte	35
 766 02e1 08       		.byte	8
 767 02e2 24       		.byte	36
 768 02e3 08       		.byte	8
 769 02e4 25       		.byte	37
 770 02e5 10       		.byte	16
 771 02e6 26       		.byte	38
 772 02e7 20       		.byte	32
 773 02e8 27       		.byte	39
 774 02e9 84       		.byte	-124
 775 02ea 28       		.byte	40
 776 02eb 21       		.byte	33
 777 02ec 2B       		.byte	43
 778 02ed 40       		.byte	64
 779 02ee 2D       		.byte	45
 780 02ef 81       		.byte	-127
 781 02f0 2E       		.byte	46
 782 02f1 01       		.byte	1
 783 02f2 31       		.byte	49
 784 02f3 20       		.byte	32
 785 02f4 32       		.byte	50
 786 02f5 41       		.byte	65
 787 02f6 33       		.byte	51
 788 02f7 04       		.byte	4
 789 02f8 34       		.byte	52
 790 02f9 01       		.byte	1
 791 02fa 36       		.byte	54
 792 02fb 21       		.byte	33
 793 02fc 37       		.byte	55
 794 02fd 49       		.byte	73
 795 02fe 39       		.byte	57
 796 02ff 55       		.byte	85
 797 0300 3F       		.byte	63
 798 0301 80       		.byte	-128
ARM GAS  C:\Users\ANDERS~1\AppData\Local\Temp\ccpfFKCS.s 			page 15


 799 0302 45       		.byte	69
 800 0303 10       		.byte	16
 801 0304 47       		.byte	71
 802 0305 08       		.byte	8
 803 0306 4D       		.byte	77
 804 0307 C0       		.byte	-64
 805 0308 4E       		.byte	78
 806 0309 02       		.byte	2
 807 030a 54       		.byte	84
 808 030b 80       		.byte	-128
 809 030c 56       		.byte	86
 810 030d 04       		.byte	4
 811 030e 57       		.byte	87
 812 030f 50       		.byte	80
 813 0310 5E       		.byte	94
 814 0311 08       		.byte	8
 815 0312 5F       		.byte	95
 816 0313 91       		.byte	-111
 817 0314 84       		.byte	-124
 818 0315 80       		.byte	-128
 819 0316 87       		.byte	-121
 820 0317 10       		.byte	16
 821 0318 88       		.byte	-120
 822 0319 21       		.byte	33
 823 031a 8A       		.byte	-118
 824 031b 02       		.byte	2
 825 031c 8B       		.byte	-117
 826 031d 40       		.byte	64
 827 031e 8E       		.byte	-114
 828 031f 04       		.byte	4
 829 0320 8F       		.byte	-113
 830 0321 01       		.byte	1
 831 0322 91       		.byte	-111
 832 0323 14       		.byte	20
 833 0324 92       		.byte	-110
 834 0325 01       		.byte	1
 835 0326 96       		.byte	-106
 836 0327 40       		.byte	64
 837 0328 9A       		.byte	-102
 838 0329 01       		.byte	1
 839 032a 9D       		.byte	-99
 840 032b 04       		.byte	4
 841 032c 9E       		.byte	-98
 842 032d 02       		.byte	2
 843 032e 9F       		.byte	-97
 844 032f 04       		.byte	4
 845 0330 A2       		.byte	-94
 846 0331 03       		.byte	3
 847 0332 A4       		.byte	-92
 848 0333 45       		.byte	69
 849 0334 AB       		.byte	-85
 850 0335 40       		.byte	64
 851 0336 B4       		.byte	-76
 852 0337 80       		.byte	-128
 853 0338 B5       		.byte	-75
 854 0339 20       		.byte	32
 855 033a C0       		.byte	-64
ARM GAS  C:\Users\ANDERS~1\AppData\Local\Temp\ccpfFKCS.s 			page 16


 856 033b 70       		.byte	112
 857 033c C2       		.byte	-62
 858 033d AA       		.byte	-86
 859 033e C4       		.byte	-60
 860 033f D6       		.byte	-42
 861 0340 CA       		.byte	-54
 862 0341 9B       		.byte	-101
 863 0342 CC       		.byte	-52
 864 0343 FF       		.byte	-1
 865 0344 CE       		.byte	-50
 866 0345 1F       		.byte	31
 867 0346 D0       		.byte	-48
 868 0347 60       		.byte	96
 869 0348 D2       		.byte	-46
 870 0349 10       		.byte	16
 871 034a D6       		.byte	-42
 872 034b F0       		.byte	-16
 873 034c EC       		.byte	-20
 874 034d 01       		.byte	1
 875 034e 32       		.byte	50
 876 034f 20       		.byte	32
 877 0350 CC       		.byte	-52
 878 0351 10       		.byte	16
 879 0352 A6       		.byte	-90
 880 0353 20       		.byte	32
 881 0354 A6       		.byte	-90
 882 0355 20       		.byte	32
 883 0356 86       		.byte	-122
 884 0357 20       		.byte	32
 885 0358 A6       		.byte	-90
 886 0359 20       		.byte	32
 887 035a E6       		.byte	-26
 888 035b 40       		.byte	64
 889 035c 63       		.byte	99
 890 035d 20       		.byte	32
 891 035e D8       		.byte	-40
 892 035f 02       		.byte	2
 893 0360 10       		.byte	16
 894 0361 40       		.byte	64
 895 0362 76       		.byte	118
 896 0363 40       		.byte	64
 897 0364 88       		.byte	-120
 898 0365 40       		.byte	64
 899 0366 8A       		.byte	-118
 900 0367 40       		.byte	64
 901 0368 AB       		.byte	-85
 902 0369 10       		.byte	16
 903 036a C4       		.byte	-60
 904 036b 08       		.byte	8
 905 036c DE       		.byte	-34
 906 036d 04       		.byte	4
 907 036e E2       		.byte	-30
 908 036f 01       		.byte	1
 909 0370 E4       		.byte	-28
 910 0371 01       		.byte	1
 911 0372 00       		.byte	0
 912 0373 03       		.byte	3
ARM GAS  C:\Users\ANDERS~1\AppData\Local\Temp\ccpfFKCS.s 			page 17


 913 0374 0C       		.byte	12
 914 0375 03       		.byte	3
 915 0376 10       		.byte	16
 916 0377 02       		.byte	2
 917 0378 1C       		.byte	28
 918 0379 02       		.byte	2
 919 037a 00       		.byte	0
 920 037b 03       		.byte	3
 921 037c 80       		.byte	-128
 922 037d 80       		.byte	-128
 923 037e 00       		.byte	0
 924 037f 00       		.byte	0
 925 0380 40       		.byte	64
 926 0381 00       		.byte	0
 927 0382 00       		.byte	0
 928 0383 00       		.byte	0
 929 0384 01       		.byte	1
 930 0385 E7       		.byte	-25
 931 0386 80       		.byte	-128
 932 0387 18       		.byte	24
 933 0388 00       		.byte	0
 934 0389 18       		.byte	24
 935 038a 23       		.byte	35
 936 038b 00       		.byte	0
 937 038c 1F       		.byte	31
 938 038d 08       		.byte	8
 939 038e 20       		.byte	32
 940 038f 00       		.byte	0
 941 0390 03       		.byte	3
 942 0391 80       		.byte	-128
 943 0392 40       		.byte	64
 944 0393 00       		.byte	0
 945 0394 02       		.byte	2
 946 0395 C0       		.byte	-64
 947 0396 80       		.byte	-128
 948 0397 00       		.byte	0
 949 0398 3F       		.byte	63
 950 0399 3C       		.byte	60
 951 039a 00       		.byte	0
 952 039b C2       		.byte	-62
 953 039c 1C       		.byte	28
 954 039d 00       		.byte	0
 955 039e 23       		.byte	35
 956 039f E3       		.byte	-29
 957 03a0 33       		.byte	51
 958 03a1 10       		.byte	16
 959 03a2 0C       		.byte	12
 960 03a3 00       		.byte	0
 961 03a4 08       		.byte	8
 962 03a5 44       		.byte	68
 963 03a6 00       		.byte	0
 964 03a7 00       		.byte	0
 965 03a8 04       		.byte	4
 966 03a9 00       		.byte	0
 967 03aa 00       		.byte	0
 968 03ab 04       		.byte	4
 969 03ac 0C       		.byte	12
ARM GAS  C:\Users\ANDERS~1\AppData\Local\Temp\ccpfFKCS.s 			page 18


 970 03ad 1C       		.byte	28
 971 03ae 00       		.byte	0
 972 03af E1       		.byte	-31
 973 03b0 00       		.byte	0
 974 03b1 FF       		.byte	-1
 975 03b2 00       		.byte	0
 976 03b3 00       		.byte	0
 977 03b4 10       		.byte	16
 978 03b5 C0       		.byte	-64
 979 03b6 2C       		.byte	44
 980 03b7 1F       		.byte	31
 981 03b8 0F       		.byte	15
 982 03b9 00       		.byte	0
 983 03ba C0       		.byte	-64
 984 03bb 38       		.byte	56
 985 03bc 00       		.byte	0
 986 03bd 00       		.byte	0
 987 03be 28       		.byte	40
 988 03bf 08       		.byte	8
 989 03c0 00       		.byte	0
 990 03c1 00       		.byte	0
 991 03c2 41       		.byte	65
 992 03c3 00       		.byte	0
 993 03c4 62       		.byte	98
 994 03c5 03       		.byte	3
 995 03c6 05       		.byte	5
 996 03c7 00       		.byte	0
 997 03c8 01       		.byte	1
 998 03c9 C0       		.byte	-64
 999 03ca 0E       		.byte	14
 1000 03cb 00       		.byte	0
 1001 03cc 06       		.byte	6
 1002 03cd FF       		.byte	-1
 1003 03ce FF       		.byte	-1
 1004 03cf FF       		.byte	-1
 1005 03d0 62       		.byte	98
 1006 03d1 A0       		.byte	-96
 1007 03d2 F0       		.byte	-16
 1008 03d3 41       		.byte	65
 1009 03d4 0C       		.byte	12
 1010 03d5 00       		.byte	0
 1011 03d6 00       		.byte	0
 1012 03d7 00       		.byte	0
 1013 03d8 00       		.byte	0
 1014 03d9 00       		.byte	0
 1015 03da 02       		.byte	2
 1016 03db 13       		.byte	19
 1017 03dc 04       		.byte	4
 1018 03dd 04       		.byte	4
 1019 03de 04       		.byte	4
 1020 03df 04       		.byte	4
 1021 03e0 11       		.byte	17
 1022 03e1 11       		.byte	17
 1023 03e2 00       		.byte	0
 1024 03e3 01       		.byte	1
 1025 03e4 00       		.byte	0
 1026 03e5 00       		.byte	0
ARM GAS  C:\Users\ANDERS~1\AppData\Local\Temp\ccpfFKCS.s 			page 19


 1027 03e6 00       		.byte	0
 1028 03e7 00       		.byte	0
 1029 03e8 00       		.byte	0
 1030 03e9 00       		.byte	0
 1031 03ea 40       		.byte	64
 1032 03eb 02       		.byte	2
 1033 03ec 00       		.byte	0
 1034 03ed 10       		.byte	16
 1035 03ee 30       		.byte	48
 1036 03ef 10       		.byte	16
 1037 03f0 00       		.byte	0
 1038 03f1 10       		.byte	16
 1039 03f2 10       		.byte	16
 1040 03f3 12       		.byte	18
 1041 03f4 00       		.byte	0
 1042 03f5 00       		.byte	0
 1043 03f6 00       		.byte	0
 1044 03f7 00       		.byte	0
 1045 03f8 00       		.byte	0
 1046 03f9 00       		.byte	0
 1047 03fa 00       		.byte	0
 1048 03fb 00       		.byte	0
 1049 03fc 00       		.byte	0
 1050 03fd 00       		.byte	0
 1051 03fe 00       		.byte	0
 1052 03ff 00       		.byte	0
 1053 0400 00       		.byte	0
 1054 0401 00       		.byte	0
 1055 0402 00       		.byte	0
 1056 0403 00       		.byte	0
 1057 0404 80       		.byte	-128
 1058 0405 00       		.byte	0
 1059 0406 40       		.byte	64
 1060 0407 80       		.byte	-128
 1061 0408 80       		.byte	-128
 1062 0409 00       		.byte	0
 1063 040a 80       		.byte	-128
 1064 040b 00       		.byte	0
 1065 040c 00       		.byte	0
 1066 040d 00       		.byte	0
 1067 040e 00       		.byte	0
 1068 040f 00       		.byte	0
 1069 0410 00       		.byte	0
 1070 0411 4B       		.byte	75
 1071 0412 4B       		.byte	75
 1072 0413 00       		.byte	0
 1073 0414 40       		.byte	64
 1074 0415 00       		.byte	0
 1075 0416 00       		.byte	0
 1076 0417 00       		.byte	0
 1077 0418 00       		.byte	0
 1078 0419 02       		.byte	2
 1079 041a 02       		.byte	2
 1080 041b 00       		.byte	0
 1081 041c 00       		.byte	0
 1082 041d 00       		.byte	0
 1083 041e 00       		.byte	0
ARM GAS  C:\Users\ANDERS~1\AppData\Local\Temp\ccpfFKCS.s 			page 20


 1084 041f 00       		.byte	0
 1085              		.section	.cywolatch,"a",%progbits
 1086              		.align	2
 1087              		.type	cy_meta_wonvl, %object
 1088              		.size	cy_meta_wonvl, 4
 1089              	cy_meta_wonvl:
 1090 0000 BC       		.byte	-68
 1091 0001 90       		.byte	-112
 1092 0002 AC       		.byte	-84
 1093 0003 AF       		.byte	-81
 1094              		.section	.cycustnvl,"a",%progbits
 1095              		.align	2
 1096              		.type	cy_meta_custnvl, %object
 1097              		.size	cy_meta_custnvl, 4
 1098              	cy_meta_custnvl:
 1099 0000 00       		.byte	0
 1100 0001 00       		.byte	0
 1101 0002 40       		.byte	64
 1102 0003 05       		.byte	5
 1103              		.section	.cymeta,"a",%progbits
 1104              		.align	2
 1105              		.type	cy_metadata, %object
 1106              		.size	cy_metadata, 12
 1107              	cy_metadata:
 1108 0000 00       		.byte	0
 1109 0001 01       		.byte	1
 1110 0002 2E       		.byte	46
 1111 0003 16       		.byte	22
 1112 0004 10       		.byte	16
 1113 0005 69       		.byte	105
 1114 0006 00       		.byte	0
 1115 0007 01       		.byte	1
 1116 0008 00       		.byte	0
 1117 0009 00       		.byte	0
 1118 000a 00       		.byte	0
 1119 000b 00       		.byte	0
 1120              		.section	.cyflashprotect,"a",%progbits
 1121              		.align	2
 1122              		.type	cy_meta_flashprotect, %object
 1123              		.size	cy_meta_flashprotect, 256
 1124              	cy_meta_flashprotect:
 1125 0000 00000000 		.space	256
 1125      00000000 
 1125      00000000 
 1125      00000000 
 1125      00000000 
 1126              		.text
 1127              	.Letext0:
 1128              		.file 1 "c:\\program files (x86)\\cypress\\psoc creator\\4.2\\psoc creator\\import\\gnu\\arm\\5.4.
 1129              		.file 2 "c:\\program files (x86)\\cypress\\psoc creator\\4.2\\psoc creator\\import\\gnu\\arm\\5.4.
 1130              		.file 3 "Generated_Source\\PSoC5\\cymetadata.c"
 1131              		.section	.debug_info,"",%progbits
 1132              	.Ldebug_info0:
 1133 0000 31010000 		.4byte	0x131
 1134 0004 0400     		.2byte	0x4
 1135 0006 00000000 		.4byte	.Ldebug_abbrev0
 1136 000a 04       		.byte	0x4
ARM GAS  C:\Users\ANDERS~1\AppData\Local\Temp\ccpfFKCS.s 			page 21


 1137 000b 01       		.uleb128 0x1
 1138 000c 24000000 		.4byte	.LASF17
 1139 0010 0C       		.byte	0xc
 1140 0011 C7010000 		.4byte	.LASF18
 1141 0015 D7000000 		.4byte	.LASF19
 1142 0019 00000000 		.4byte	.Ldebug_line0
 1143 001d 02       		.uleb128 0x2
 1144 001e 01       		.byte	0x1
 1145 001f 06       		.byte	0x6
 1146 0020 BB010000 		.4byte	.LASF0
 1147 0024 03       		.uleb128 0x3
 1148 0025 00000000 		.4byte	.LASF9
 1149 0029 01       		.byte	0x1
 1150 002a 1D       		.byte	0x1d
 1151 002b 2F000000 		.4byte	0x2f
 1152 002f 02       		.uleb128 0x2
 1153 0030 01       		.byte	0x1
 1154 0031 08       		.byte	0x8
 1155 0032 16000000 		.4byte	.LASF1
 1156 0036 02       		.uleb128 0x2
 1157 0037 02       		.byte	0x2
 1158 0038 05       		.byte	0x5
 1159 0039 A8010000 		.4byte	.LASF2
 1160 003d 02       		.uleb128 0x2
 1161 003e 02       		.byte	0x2
 1162 003f 07       		.byte	0x7
 1163 0040 C4000000 		.4byte	.LASF3
 1164 0044 02       		.uleb128 0x2
 1165 0045 04       		.byte	0x4
 1166 0046 05       		.byte	0x5
 1167 0047 B2010000 		.4byte	.LASF4
 1168 004b 02       		.uleb128 0x2
 1169 004c 04       		.byte	0x4
 1170 004d 07       		.byte	0x7
 1171 004e B2000000 		.4byte	.LASF5
 1172 0052 02       		.uleb128 0x2
 1173 0053 08       		.byte	0x8
 1174 0054 05       		.byte	0x5
 1175 0055 9A010000 		.4byte	.LASF6
 1176 0059 02       		.uleb128 0x2
 1177 005a 08       		.byte	0x8
 1178 005b 07       		.byte	0x7
 1179 005c 4F010000 		.4byte	.LASF7
 1180 0060 04       		.uleb128 0x4
 1181 0061 04       		.byte	0x4
 1182 0062 05       		.byte	0x5
 1183 0063 696E7400 		.ascii	"int\000"
 1184 0067 02       		.uleb128 0x2
 1185 0068 04       		.byte	0x4
 1186 0069 07       		.byte	0x7
 1187 006a 42010000 		.4byte	.LASF8
 1188 006e 03       		.uleb128 0x3
 1189 006f 66010000 		.4byte	.LASF10
 1190 0073 02       		.byte	0x2
 1191 0074 18       		.byte	0x18
 1192 0075 24000000 		.4byte	0x24
 1193 0079 05       		.uleb128 0x5
ARM GAS  C:\Users\ANDERS~1\AppData\Local\Temp\ccpfFKCS.s 			page 22


 1194 007a 91000000 		.4byte	0x91
 1195 007e 8A000000 		.4byte	0x8a
 1196 0082 06       		.uleb128 0x6
 1197 0083 8A000000 		.4byte	0x8a
 1198 0087 1F04     		.2byte	0x41f
 1199 0089 00       		.byte	0
 1200 008a 02       		.uleb128 0x2
 1201 008b 04       		.byte	0x4
 1202 008c 07       		.byte	0x7
 1203 008d 91010000 		.4byte	.LASF11
 1204 0091 07       		.uleb128 0x7
 1205 0092 6E000000 		.4byte	0x6e
 1206 0096 08       		.uleb128 0x8
 1207 0097 30010000 		.4byte	.LASF12
 1208 009b 03       		.byte	0x3
 1209 009c 1F       		.byte	0x1f
 1210 009d A7000000 		.4byte	0xa7
 1211 00a1 05       		.uleb128 0x5
 1212 00a2 03       		.byte	0x3
 1213 00a3 00000000 		.4byte	cy_meta_configecc
 1214 00a7 07       		.uleb128 0x7
 1215 00a8 79000000 		.4byte	0x79
 1216 00ac 05       		.uleb128 0x5
 1217 00ad 91000000 		.4byte	0x91
 1218 00b1 BC000000 		.4byte	0xbc
 1219 00b5 09       		.uleb128 0x9
 1220 00b6 8A000000 		.4byte	0x8a
 1221 00ba 03       		.byte	0x3
 1222 00bb 00       		.byte	0
 1223 00bc 08       		.uleb128 0x8
 1224 00bd 20010000 		.4byte	.LASF13
 1225 00c1 03       		.byte	0x3
 1226 00c2 B0       		.byte	0xb0
 1227 00c3 CD000000 		.4byte	0xcd
 1228 00c7 05       		.uleb128 0x5
 1229 00c8 03       		.byte	0x3
 1230 00c9 00000000 		.4byte	cy_meta_custnvl
 1231 00cd 07       		.uleb128 0x7
 1232 00ce AC000000 		.4byte	0xac
 1233 00d2 08       		.uleb128 0x8
 1234 00d3 83010000 		.4byte	.LASF14
 1235 00d7 03       		.byte	0x3
 1236 00d8 BE       		.byte	0xbe
 1237 00d9 E3000000 		.4byte	0xe3
 1238 00dd 05       		.uleb128 0x5
 1239 00de 03       		.byte	0x3
 1240 00df 00000000 		.4byte	cy_meta_wonvl
 1241 00e3 07       		.uleb128 0x7
 1242 00e4 AC000000 		.4byte	0xac
 1243 00e8 05       		.uleb128 0x5
 1244 00e9 91000000 		.4byte	0x91
 1245 00ed F8000000 		.4byte	0xf8
 1246 00f1 09       		.uleb128 0x9
 1247 00f2 8A000000 		.4byte	0x8a
 1248 00f6 FF       		.byte	0xff
 1249 00f7 00       		.byte	0
 1250 00f8 08       		.uleb128 0x8
ARM GAS  C:\Users\ANDERS~1\AppData\Local\Temp\ccpfFKCS.s 			page 23


 1251 00f9 6E010000 		.4byte	.LASF15
 1252 00fd 03       		.byte	0x3
 1253 00fe CC       		.byte	0xcc
 1254 00ff 09010000 		.4byte	0x109
 1255 0103 05       		.uleb128 0x5
 1256 0104 03       		.byte	0x3
 1257 0105 00000000 		.4byte	cy_meta_flashprotect
 1258 0109 07       		.uleb128 0x7
 1259 010a E8000000 		.4byte	0xe8
 1260 010e 05       		.uleb128 0x5
 1261 010f 91000000 		.4byte	0x91
 1262 0113 1E010000 		.4byte	0x11e
 1263 0117 09       		.uleb128 0x9
 1264 0118 8A000000 		.4byte	0x8a
 1265 011c 0B       		.byte	0xb
 1266 011d 00       		.byte	0
 1267 011e 08       		.uleb128 0x8
 1268 011f 0A000000 		.4byte	.LASF16
 1269 0123 03       		.byte	0x3
 1270 0124 F9       		.byte	0xf9
 1271 0125 2F010000 		.4byte	0x12f
 1272 0129 05       		.uleb128 0x5
 1273 012a 03       		.byte	0x3
 1274 012b 00000000 		.4byte	cy_metadata
 1275 012f 07       		.uleb128 0x7
 1276 0130 0E010000 		.4byte	0x10e
 1277 0134 00       		.byte	0
 1278              		.section	.debug_abbrev,"",%progbits
 1279              	.Ldebug_abbrev0:
 1280 0000 01       		.uleb128 0x1
 1281 0001 11       		.uleb128 0x11
 1282 0002 01       		.byte	0x1
 1283 0003 25       		.uleb128 0x25
 1284 0004 0E       		.uleb128 0xe
 1285 0005 13       		.uleb128 0x13
 1286 0006 0B       		.uleb128 0xb
 1287 0007 03       		.uleb128 0x3
 1288 0008 0E       		.uleb128 0xe
 1289 0009 1B       		.uleb128 0x1b
 1290 000a 0E       		.uleb128 0xe
 1291 000b 10       		.uleb128 0x10
 1292 000c 17       		.uleb128 0x17
 1293 000d 00       		.byte	0
 1294 000e 00       		.byte	0
 1295 000f 02       		.uleb128 0x2
 1296 0010 24       		.uleb128 0x24
 1297 0011 00       		.byte	0
 1298 0012 0B       		.uleb128 0xb
 1299 0013 0B       		.uleb128 0xb
 1300 0014 3E       		.uleb128 0x3e
 1301 0015 0B       		.uleb128 0xb
 1302 0016 03       		.uleb128 0x3
 1303 0017 0E       		.uleb128 0xe
 1304 0018 00       		.byte	0
 1305 0019 00       		.byte	0
 1306 001a 03       		.uleb128 0x3
 1307 001b 16       		.uleb128 0x16
ARM GAS  C:\Users\ANDERS~1\AppData\Local\Temp\ccpfFKCS.s 			page 24


 1308 001c 00       		.byte	0
 1309 001d 03       		.uleb128 0x3
 1310 001e 0E       		.uleb128 0xe
 1311 001f 3A       		.uleb128 0x3a
 1312 0020 0B       		.uleb128 0xb
 1313 0021 3B       		.uleb128 0x3b
 1314 0022 0B       		.uleb128 0xb
 1315 0023 49       		.uleb128 0x49
 1316 0024 13       		.uleb128 0x13
 1317 0025 00       		.byte	0
 1318 0026 00       		.byte	0
 1319 0027 04       		.uleb128 0x4
 1320 0028 24       		.uleb128 0x24
 1321 0029 00       		.byte	0
 1322 002a 0B       		.uleb128 0xb
 1323 002b 0B       		.uleb128 0xb
 1324 002c 3E       		.uleb128 0x3e
 1325 002d 0B       		.uleb128 0xb
 1326 002e 03       		.uleb128 0x3
 1327 002f 08       		.uleb128 0x8
 1328 0030 00       		.byte	0
 1329 0031 00       		.byte	0
 1330 0032 05       		.uleb128 0x5
 1331 0033 01       		.uleb128 0x1
 1332 0034 01       		.byte	0x1
 1333 0035 49       		.uleb128 0x49
 1334 0036 13       		.uleb128 0x13
 1335 0037 01       		.uleb128 0x1
 1336 0038 13       		.uleb128 0x13
 1337 0039 00       		.byte	0
 1338 003a 00       		.byte	0
 1339 003b 06       		.uleb128 0x6
 1340 003c 21       		.uleb128 0x21
 1341 003d 00       		.byte	0
 1342 003e 49       		.uleb128 0x49
 1343 003f 13       		.uleb128 0x13
 1344 0040 2F       		.uleb128 0x2f
 1345 0041 05       		.uleb128 0x5
 1346 0042 00       		.byte	0
 1347 0043 00       		.byte	0
 1348 0044 07       		.uleb128 0x7
 1349 0045 26       		.uleb128 0x26
 1350 0046 00       		.byte	0
 1351 0047 49       		.uleb128 0x49
 1352 0048 13       		.uleb128 0x13
 1353 0049 00       		.byte	0
 1354 004a 00       		.byte	0
 1355 004b 08       		.uleb128 0x8
 1356 004c 34       		.uleb128 0x34
 1357 004d 00       		.byte	0
 1358 004e 03       		.uleb128 0x3
 1359 004f 0E       		.uleb128 0xe
 1360 0050 3A       		.uleb128 0x3a
 1361 0051 0B       		.uleb128 0xb
 1362 0052 3B       		.uleb128 0x3b
 1363 0053 0B       		.uleb128 0xb
 1364 0054 49       		.uleb128 0x49
ARM GAS  C:\Users\ANDERS~1\AppData\Local\Temp\ccpfFKCS.s 			page 25


 1365 0055 13       		.uleb128 0x13
 1366 0056 3F       		.uleb128 0x3f
 1367 0057 19       		.uleb128 0x19
 1368 0058 02       		.uleb128 0x2
 1369 0059 18       		.uleb128 0x18
 1370 005a 00       		.byte	0
 1371 005b 00       		.byte	0
 1372 005c 09       		.uleb128 0x9
 1373 005d 21       		.uleb128 0x21
 1374 005e 00       		.byte	0
 1375 005f 49       		.uleb128 0x49
 1376 0060 13       		.uleb128 0x13
 1377 0061 2F       		.uleb128 0x2f
 1378 0062 0B       		.uleb128 0xb
 1379 0063 00       		.byte	0
 1380 0064 00       		.byte	0
 1381 0065 00       		.byte	0
 1382              		.section	.debug_aranges,"",%progbits
 1383 0000 14000000 		.4byte	0x14
 1384 0004 0200     		.2byte	0x2
 1385 0006 00000000 		.4byte	.Ldebug_info0
 1386 000a 04       		.byte	0x4
 1387 000b 00       		.byte	0
 1388 000c 0000     		.2byte	0
 1389 000e 0000     		.2byte	0
 1390 0010 00000000 		.4byte	0
 1391 0014 00000000 		.4byte	0
 1392              		.section	.debug_line,"",%progbits
 1393              	.Ldebug_line0:
 1394 0000 3D010000 		.section	.debug_str,"MS",%progbits,1
 1394      02003701 
 1394      00000201 
 1394      FB0E0D00 
 1394      01010101 
 1395              	.LASF9:
 1396 0000 5F5F7569 		.ascii	"__uint8_t\000"
 1396      6E74385F 
 1396      7400
 1397              	.LASF16:
 1398 000a 63795F6D 		.ascii	"cy_metadata\000"
 1398      65746164 
 1398      61746100 
 1399              	.LASF1:
 1400 0016 756E7369 		.ascii	"unsigned char\000"
 1400      676E6564 
 1400      20636861 
 1400      7200
 1401              	.LASF17:
 1402 0024 474E5520 		.ascii	"GNU C11 5.4.1 20160609 (release) [ARM/embedded-5-br"
 1402      43313120 
 1402      352E342E 
 1402      31203230 
 1402      31363036 
 1403 0057 616E6368 		.ascii	"anch revision 237715] -mcpu=cortex-m3 -mthumb -g -O"
 1403      20726576 
 1403      6973696F 
 1403      6E203233 
ARM GAS  C:\Users\ANDERS~1\AppData\Local\Temp\ccpfFKCS.s 			page 26


 1403      37373135 
 1404 008a 67202D66 		.ascii	"g -ffunction-sections -ffat-lto-objects\000"
 1404      66756E63 
 1404      74696F6E 
 1404      2D736563 
 1404      74696F6E 
 1405              	.LASF5:
 1406 00b2 6C6F6E67 		.ascii	"long unsigned int\000"
 1406      20756E73 
 1406      69676E65 
 1406      6420696E 
 1406      7400
 1407              	.LASF3:
 1408 00c4 73686F72 		.ascii	"short unsigned int\000"
 1408      7420756E 
 1408      7369676E 
 1408      65642069 
 1408      6E7400
 1409              	.LASF19:
 1410 00d7 433A5C55 		.ascii	"C:\\Users\\Anders Hansen\\Desktop\\shootingControlS"
 1410      73657273 
 1410      5C416E64 
 1410      65727320 
 1410      48616E73 
 1411 0106 575C7368 		.ascii	"W\\shootingControlSW.cydsn\000"
 1411      6F6F7469 
 1411      6E67436F 
 1411      6E74726F 
 1411      6C53572E 
 1412              	.LASF13:
 1413 0120 63795F6D 		.ascii	"cy_meta_custnvl\000"
 1413      6574615F 
 1413      63757374 
 1413      6E766C00 
 1414              	.LASF12:
 1415 0130 63795F6D 		.ascii	"cy_meta_configecc\000"
 1415      6574615F 
 1415      636F6E66 
 1415      69676563 
 1415      6300
 1416              	.LASF8:
 1417 0142 756E7369 		.ascii	"unsigned int\000"
 1417      676E6564 
 1417      20696E74 
 1417      00
 1418              	.LASF7:
 1419 014f 6C6F6E67 		.ascii	"long long unsigned int\000"
 1419      206C6F6E 
 1419      6720756E 
 1419      7369676E 
 1419      65642069 
 1420              	.LASF10:
 1421 0166 75696E74 		.ascii	"uint8_t\000"
 1421      385F7400 
 1422              	.LASF15:
 1423 016e 63795F6D 		.ascii	"cy_meta_flashprotect\000"
 1423      6574615F 
ARM GAS  C:\Users\ANDERS~1\AppData\Local\Temp\ccpfFKCS.s 			page 27


 1423      666C6173 
 1423      6870726F 
 1423      74656374 
 1424              	.LASF14:
 1425 0183 63795F6D 		.ascii	"cy_meta_wonvl\000"
 1425      6574615F 
 1425      776F6E76 
 1425      6C00
 1426              	.LASF11:
 1427 0191 73697A65 		.ascii	"sizetype\000"
 1427      74797065 
 1427      00
 1428              	.LASF6:
 1429 019a 6C6F6E67 		.ascii	"long long int\000"
 1429      206C6F6E 
 1429      6720696E 
 1429      7400
 1430              	.LASF2:
 1431 01a8 73686F72 		.ascii	"short int\000"
 1431      7420696E 
 1431      7400
 1432              	.LASF4:
 1433 01b2 6C6F6E67 		.ascii	"long int\000"
 1433      20696E74 
 1433      00
 1434              	.LASF0:
 1435 01bb 7369676E 		.ascii	"signed char\000"
 1435      65642063 
 1435      68617200 
 1436              	.LASF18:
 1437 01c7 47656E65 		.ascii	"Generated_Source\\PSoC5\\cymetadata.c\000"
 1437      72617465 
 1437      645F536F 
 1437      75726365 
 1437      5C50536F 
 1438              		.ident	"GCC: (GNU Tools for ARM Embedded Processors) 5.4.1 20160609 (release) [ARM/embedded-5-bran
