ARM GAS  C:\Users\ANDERS~1\AppData\Local\Temp\ccwWsWgN.s 			page 1


   1              		.syntax unified
   2              		.cpu cortex-m3
   3              		.fpu softvfp
   4              		.eabi_attribute 20, 1
   5              		.eabi_attribute 21, 1
   6              		.eabi_attribute 23, 3
   7              		.eabi_attribute 24, 1
   8              		.eabi_attribute 25, 1
   9              		.eabi_attribute 26, 1
  10              		.eabi_attribute 30, 1
  11              		.eabi_attribute 34, 1
  12              		.eabi_attribute 18, 4
  13              		.thumb
  14              		.syntax unified
  15              		.file	"main.c"
  16              		.text
  17              	.Ltext0:
  18              		.cfi_sections	.debug_frame
  19              		.section	.text.main,"ax",%progbits
  20              		.align	2
  21              		.global	main
  22              		.thumb
  23              		.thumb_func
  24              		.type	main, %function
  25              	main:
  26              	.LFB63:
  27              		.file 1 "main.c"
   1:main.c        **** /*
   2:main.c        **** En tidlig version af PWM motorstyring til projekt.
   3:main.c        **** Vi kan her styre PWM til test.
   4:main.c        **** I den færdige prototype skal vi have skrevet det her om til én setPWM() funktion, 
   5:main.c        **** som RPIen kan kalde for at ændre, hvor langt der bliver skudt. 
   6:main.c        **** 
   7:main.c        **** GUIDE TIL TEST:
   8:main.c        **** i, I, d og D ændrer PWM signalet med henholdsvis 1%, 10% -1% og -10%.
   9:main.c        **** Brug 0 til at sætte PWM til 0%.
  10:main.c        **** Hvis i oplever problemer med motoren hakker, så sæt clockPWMfreq op i topDesign. 
  11:main.c        **** Bemærk, hvis i forsøger at sætte PWM signalet over/under 100%/0%, så dør baby.
  12:main.c        **** 
  13:main.c        **** */
  14:main.c        **** #include "PWMFuncs.h"
  15:main.c        **** #include "project.h"
  16:main.c        **** 
  17:main.c        **** CY_ISR_PROTO(ISR_UART_rx_handler);
  18:main.c        **** void handleByteReceived(uint8_t byteReceived);
  19:main.c        **** void decreasePWM(int x);
  20:main.c        **** void increasePWM(int x);
  21:main.c        **** void setPWM0(void);
  22:main.c        **** int counter = 0;
  23:main.c        **** 
  24:main.c        **** int main(void)
  25:main.c        **** {
  28              		.loc 1 25 0
  29              		.cfi_startproc
  30              		@ Volatile: function does not return.
  31              		@ args = 0, pretend = 0, frame = 0
  32              		@ frame_needed = 0, uses_anonymous_args = 0
ARM GAS  C:\Users\ANDERS~1\AppData\Local\Temp\ccwWsWgN.s 			page 2


  33 0000 08B5     		push	{r3, lr}
  34              		.cfi_def_cfa_offset 8
  35              		.cfi_offset 3, -8
  36              		.cfi_offset 14, -4
  26:main.c        ****     CyGlobalIntEnable; /* Enable global interrupts. */
  37              		.loc 1 26 0
  38              		.syntax unified
  39              	@ 26 "main.c" 1
  40 0002 62B6     		CPSIE   i
  41              	@ 0 "" 2
  27:main.c        ****     isr_uart_rx_StartEx(ISR_UART_rx_handler);
  42              		.loc 1 27 0
  43              		.thumb
  44              		.syntax unified
  45 0004 1348     		ldr	r0, .L4
  46 0006 FFF7FEFF 		bl	isr_uart_rx_StartEx
  47              	.LVL0:
  28:main.c        ****     UART_1_Start();
  48              		.loc 1 28 0
  49 000a FFF7FEFF 		bl	UART_1_Start
  50              	.LVL1:
  29:main.c        ****     PWM_1_Start();
  51              		.loc 1 29 0
  52 000e FFF7FEFF 		bl	PWM_1_Start
  53              	.LVL2:
  30:main.c        ****     setPWM0();
  54              		.loc 1 30 0
  55 0012 FFF7FEFF 		bl	setPWM0
  56              	.LVL3:
  31:main.c        ****     
  32:main.c        ****     UART_1_PutString("DC-Motor-PWM application started\r\n");
  57              		.loc 1 32 0
  58 0016 1048     		ldr	r0, .L4+4
  59 0018 FFF7FEFF 		bl	UART_1_PutString
  60              	.LVL4:
  33:main.c        ****     UART_1_PutString("0: Set PWM to 0%\r\n");
  61              		.loc 1 33 0
  62 001c 0F48     		ldr	r0, .L4+8
  63 001e FFF7FEFF 		bl	UART_1_PutString
  64              	.LVL5:
  34:main.c        ****     UART_1_PutString("d: Decrease PWM by 1% \r\n");
  65              		.loc 1 34 0
  66 0022 0F48     		ldr	r0, .L4+12
  67 0024 FFF7FEFF 		bl	UART_1_PutString
  68              	.LVL6:
  35:main.c        ****     UART_1_PutString("i: Increase PWM by 1% \r\n");
  69              		.loc 1 35 0
  70 0028 0E48     		ldr	r0, .L4+16
  71 002a FFF7FEFF 		bl	UART_1_PutString
  72              	.LVL7:
  36:main.c        ****     UART_1_PutString("D: Decrease PWM by 10% \r\n");
  73              		.loc 1 36 0
  74 002e 0E48     		ldr	r0, .L4+20
  75 0030 FFF7FEFF 		bl	UART_1_PutString
  76              	.LVL8:
  37:main.c        ****     UART_1_PutString("I: Increase PWM by 10% \r\n");
  77              		.loc 1 37 0
ARM GAS  C:\Users\ANDERS~1\AppData\Local\Temp\ccwWsWgN.s 			page 3


  78 0034 0D48     		ldr	r0, .L4+24
  79 0036 FFF7FEFF 		bl	UART_1_PutString
  80              	.LVL9:
  81              	.L2:
  38:main.c        **** 
  39:main.c        ****     
  40:main.c        ****     for(;;)
  41:main.c        ****     {
  42:main.c        ****         counter ++;
  82              		.loc 1 42 0 discriminator 1
  83 003a 0D4A     		ldr	r2, .L4+28
  84 003c 1368     		ldr	r3, [r2]
  85 003e 0133     		adds	r3, r3, #1
  86 0040 1360     		str	r3, [r2]
  43:main.c        ****         UART_1_PutString("Hej Per!\n\r\n");
  87              		.loc 1 43 0 discriminator 1
  88 0042 0C48     		ldr	r0, .L4+32
  89 0044 FFF7FEFF 		bl	UART_1_PutString
  90              	.LVL10:
  44:main.c        ****         CyDelay(2000);
  91              		.loc 1 44 0 discriminator 1
  92 0048 4FF4FA60 		mov	r0, #2000
  93 004c FFF7FEFF 		bl	CyDelay
  94              	.LVL11:
  95 0050 F3E7     		b	.L2
  96              	.L5:
  97 0052 00BF     		.align	2
  98              	.L4:
  99 0054 00000000 		.word	ISR_UART_rx_handler
 100 0058 00000000 		.word	.LC0
 101 005c 24000000 		.word	.LC1
 102 0060 38000000 		.word	.LC2
 103 0064 54000000 		.word	.LC3
 104 0068 70000000 		.word	.LC4
 105 006c 8C000000 		.word	.LC5
 106 0070 00000000 		.word	.LANCHOR0
 107 0074 A8000000 		.word	.LC6
 108              		.cfi_endproc
 109              	.LFE63:
 110              		.size	main, .-main
 111              		.section	.text.handleByteReceived,"ax",%progbits
 112              		.align	2
 113              		.global	handleByteReceived
 114              		.thumb
 115              		.thumb_func
 116              		.type	handleByteReceived, %function
 117              	handleByteReceived:
 118              	.LFB65:
  45:main.c        ****     }
  46:main.c        ****     
  47:main.c        **** }
  48:main.c        **** 
  49:main.c        **** CY_ISR(ISR_UART_rx_handler)
  50:main.c        **** {
  51:main.c        ****     uint8_t bytesToRead = UART_1_GetRxBufferSize();
  52:main.c        ****     while (bytesToRead > 0)
  53:main.c        ****     {
ARM GAS  C:\Users\ANDERS~1\AppData\Local\Temp\ccwWsWgN.s 			page 4


  54:main.c        ****         uint8_t byteReceived = UART_1_ReadRxData();
  55:main.c        ****         UART_1_WriteTxData(byteReceived);
  56:main.c        ****         handleByteReceived(byteReceived);
  57:main.c        ****         bytesToRead--;
  58:main.c        ****     }
  59:main.c        **** }
  60:main.c        **** 
  61:main.c        **** void handleByteReceived(uint8_t byteReceived)
  62:main.c        **** {
 119              		.loc 1 62 0
 120              		.cfi_startproc
 121              		@ args = 0, pretend = 0, frame = 0
 122              		@ frame_needed = 0, uses_anonymous_args = 0
 123              	.LVL12:
 124 0000 10B5     		push	{r4, lr}
 125              		.cfi_def_cfa_offset 8
 126              		.cfi_offset 4, -8
 127              		.cfi_offset 14, -4
 128 0002 0446     		mov	r4, r0
  63:main.c        ****         LED_Write(1);
 129              		.loc 1 63 0
 130 0004 0120     		movs	r0, #1
 131              	.LVL13:
 132 0006 FFF7FEFF 		bl	LED_Write
 133              	.LVL14:
  64:main.c        ****     
  65:main.c        ****     
  66:main.c        ****     switch(byteReceived)
 134              		.loc 1 66 0
 135 000a 492C     		cmp	r4, #73
 136 000c 16D0     		beq	.L8
 137 000e 04D8     		bhi	.L9
 138 0010 302C     		cmp	r4, #48
 139 0012 17D0     		beq	.L10
 140 0014 442C     		cmp	r4, #68
 141 0016 0DD0     		beq	.L11
 142 0018 16E0     		b	.L7
 143              	.L9:
 144 001a 642C     		cmp	r4, #100
 145 001c 02D0     		beq	.L12
 146 001e 692C     		cmp	r4, #105
 147 0020 04D0     		beq	.L13
 148 0022 11E0     		b	.L7
 149              	.L12:
  67:main.c        ****     {
  68:main.c        ****         case 'd' :
  69:main.c        ****         {
  70:main.c        ****             decreasePWM(1);
 150              		.loc 1 70 0
 151 0024 0120     		movs	r0, #1
 152 0026 FFF7FEFF 		bl	decreasePWM
 153              	.LVL15:
  71:main.c        ****         }
  72:main.c        ****         break;
 154              		.loc 1 72 0
 155 002a 0DE0     		b	.L7
 156              	.L13:
ARM GAS  C:\Users\ANDERS~1\AppData\Local\Temp\ccwWsWgN.s 			page 5


  73:main.c        ****         case 'i' :
  74:main.c        ****         {
  75:main.c        ****             increasePWM(1);
 157              		.loc 1 75 0
 158 002c 0120     		movs	r0, #1
 159 002e FFF7FEFF 		bl	increasePWM
 160              	.LVL16:
  76:main.c        ****         }
  77:main.c        ****         break;
 161              		.loc 1 77 0
 162 0032 09E0     		b	.L7
 163              	.L11:
  78:main.c        ****         case 'D' :
  79:main.c        ****         {
  80:main.c        ****             decreasePWM(10);
 164              		.loc 1 80 0
 165 0034 0A20     		movs	r0, #10
 166 0036 FFF7FEFF 		bl	decreasePWM
 167              	.LVL17:
  81:main.c        ****         }
  82:main.c        ****         break;
 168              		.loc 1 82 0
 169 003a 05E0     		b	.L7
 170              	.L8:
  83:main.c        ****         case 'I' :
  84:main.c        ****         {
  85:main.c        ****             increasePWM(10);
 171              		.loc 1 85 0
 172 003c 0A20     		movs	r0, #10
 173 003e FFF7FEFF 		bl	increasePWM
 174              	.LVL18:
  86:main.c        ****         }
  87:main.c        ****         break;
 175              		.loc 1 87 0
 176 0042 01E0     		b	.L7
 177              	.L10:
  88:main.c        ****         case '0' :
  89:main.c        ****         {
  90:main.c        ****            setPWM0();  
 178              		.loc 1 90 0
 179 0044 FFF7FEFF 		bl	setPWM0
 180              	.LVL19:
 181              	.L7:
  91:main.c        ****         }
  92:main.c        ****         break;
  93:main.c        ****         default :
  94:main.c        ****         {
  95:main.c        ****             // nothing
  96:main.c        ****         }
  97:main.c        ****         break;
  98:main.c        ****     }
  99:main.c        ****     
 100:main.c        ****     //CyDelay(1000);
 101:main.c        ****     LED_Write(0);
 182              		.loc 1 101 0
 183 0048 0020     		movs	r0, #0
 184 004a FFF7FEFF 		bl	LED_Write
ARM GAS  C:\Users\ANDERS~1\AppData\Local\Temp\ccwWsWgN.s 			page 6


 185              	.LVL20:
 186 004e 10BD     		pop	{r4, pc}
 187              		.cfi_endproc
 188              	.LFE65:
 189              		.size	handleByteReceived, .-handleByteReceived
 190              		.section	.text.ISR_UART_rx_handler,"ax",%progbits
 191              		.align	2
 192              		.global	ISR_UART_rx_handler
 193              		.thumb
 194              		.thumb_func
 195              		.type	ISR_UART_rx_handler, %function
 196              	ISR_UART_rx_handler:
 197              	.LFB64:
  50:main.c        ****     uint8_t bytesToRead = UART_1_GetRxBufferSize();
 198              		.loc 1 50 0
 199              		.cfi_startproc
 200              		@ args = 0, pretend = 0, frame = 0
 201              		@ frame_needed = 0, uses_anonymous_args = 0
 202 0000 38B5     		push	{r3, r4, r5, lr}
 203              		.cfi_def_cfa_offset 16
 204              		.cfi_offset 3, -16
 205              		.cfi_offset 4, -12
 206              		.cfi_offset 5, -8
 207              		.cfi_offset 14, -4
  51:main.c        ****     while (bytesToRead > 0)
 208              		.loc 1 51 0
 209 0002 FFF7FEFF 		bl	UART_1_GetRxBufferSize
 210              	.LVL21:
 211 0006 0446     		mov	r4, r0
 212              	.LVL22:
  52:main.c        ****     {
 213              		.loc 1 52 0
 214 0008 09E0     		b	.L16
 215              	.L17:
 216              	.LBB2:
  54:main.c        ****         UART_1_WriteTxData(byteReceived);
 217              		.loc 1 54 0
 218 000a FFF7FEFF 		bl	UART_1_ReadRxData
 219              	.LVL23:
 220 000e 0546     		mov	r5, r0
 221              	.LVL24:
  55:main.c        ****         handleByteReceived(byteReceived);
 222              		.loc 1 55 0
 223 0010 FFF7FEFF 		bl	UART_1_WriteTxData
 224              	.LVL25:
  56:main.c        ****         bytesToRead--;
 225              		.loc 1 56 0
 226 0014 2846     		mov	r0, r5
 227 0016 FFF7FEFF 		bl	handleByteReceived
 228              	.LVL26:
  57:main.c        ****     }
 229              		.loc 1 57 0
 230 001a 013C     		subs	r4, r4, #1
 231              	.LVL27:
 232 001c E4B2     		uxtb	r4, r4
 233              	.LVL28:
 234              	.L16:
ARM GAS  C:\Users\ANDERS~1\AppData\Local\Temp\ccwWsWgN.s 			page 7


 235              	.LBE2:
  52:main.c        ****     {
 236              		.loc 1 52 0
 237 001e 002C     		cmp	r4, #0
 238 0020 F3D1     		bne	.L17
  59:main.c        **** 
 239              		.loc 1 59 0
 240 0022 38BD     		pop	{r3, r4, r5, pc}
 241              		.cfi_endproc
 242              	.LFE64:
 243              		.size	ISR_UART_rx_handler, .-ISR_UART_rx_handler
 244              		.global	counter
 245              		.section	.rodata.str1.4,"aMS",%progbits,1
 246              		.align	2
 247              	.LC0:
 248 0000 44432D4D 		.ascii	"DC-Motor-PWM application started\015\012\000"
 248      6F746F72 
 248      2D50574D 
 248      20617070 
 248      6C696361 
 249 0023 00       		.space	1
 250              	.LC1:
 251 0024 303A2053 		.ascii	"0: Set PWM to 0%\015\012\000"
 251      65742050 
 251      574D2074 
 251      6F203025 
 251      0D0A00
 252 0037 00       		.space	1
 253              	.LC2:
 254 0038 643A2044 		.ascii	"d: Decrease PWM by 1% \015\012\000"
 254      65637265 
 254      61736520 
 254      50574D20 
 254      62792031 
 255 0051 000000   		.space	3
 256              	.LC3:
 257 0054 693A2049 		.ascii	"i: Increase PWM by 1% \015\012\000"
 257      6E637265 
 257      61736520 
 257      50574D20 
 257      62792031 
 258 006d 000000   		.space	3
 259              	.LC4:
 260 0070 443A2044 		.ascii	"D: Decrease PWM by 10% \015\012\000"
 260      65637265 
 260      61736520 
 260      50574D20 
 260      62792031 
 261 008a 0000     		.space	2
 262              	.LC5:
 263 008c 493A2049 		.ascii	"I: Increase PWM by 10% \015\012\000"
 263      6E637265 
 263      61736520 
 263      50574D20 
 263      62792031 
 264 00a6 0000     		.space	2
 265              	.LC6:
ARM GAS  C:\Users\ANDERS~1\AppData\Local\Temp\ccwWsWgN.s 			page 8


 266 00a8 48656A20 		.ascii	"Hej Per!\012\015\012\000"
 266      50657221 
 266      0A0D0A00 
 267              		.bss
 268              		.align	2
 269              		.set	.LANCHOR0,. + 0
 270              		.type	counter, %object
 271              		.size	counter, 4
 272              	counter:
 273 0000 00000000 		.space	4
 274              		.text
 275              	.Letext0:
 276              		.file 2 "c:\\program files (x86)\\cypress\\psoc creator\\4.2\\psoc creator\\import\\gnu\\arm\\5.4.
 277              		.file 3 "c:\\program files (x86)\\cypress\\psoc creator\\4.2\\psoc creator\\import\\gnu\\arm\\5.4.
 278              		.file 4 "Generated_Source\\PSoC5/core_cm3.h"
 279              		.file 5 "Generated_Source\\PSoC5/isr_uart_rx.h"
 280              		.file 6 "Generated_Source\\PSoC5/UART_1.h"
 281              		.file 7 "Generated_Source\\PSoC5/PWM_1.h"
 282              		.file 8 "Generated_Source\\PSoC5/CyLib.h"
 283              		.file 9 "Generated_Source\\PSoC5/LED.h"
 284              		.section	.debug_info,"",%progbits
 285              	.Ldebug_info0:
 286 0000 6F030000 		.4byte	0x36f
 287 0004 0400     		.2byte	0x4
 288 0006 00000000 		.4byte	.Ldebug_abbrev0
 289 000a 04       		.byte	0x4
 290 000b 01       		.uleb128 0x1
 291 000c 87000000 		.4byte	.LASF36
 292 0010 0C       		.byte	0xc
 293 0011 63020000 		.4byte	.LASF37
 294 0015 80010000 		.4byte	.LASF38
 295 0019 00000000 		.4byte	.Ldebug_ranges0+0
 296 001d 00000000 		.4byte	0
 297 0021 00000000 		.4byte	.Ldebug_line0
 298 0025 02       		.uleb128 0x2
 299 0026 01       		.byte	0x1
 300 0027 06       		.byte	0x6
 301 0028 8E020000 		.4byte	.LASF0
 302 002c 03       		.uleb128 0x3
 303 002d 21000000 		.4byte	.LASF4
 304 0031 02       		.byte	0x2
 305 0032 1D       		.byte	0x1d
 306 0033 37000000 		.4byte	0x37
 307 0037 02       		.uleb128 0x2
 308 0038 01       		.byte	0x1
 309 0039 08       		.byte	0x8
 310 003a 79000000 		.4byte	.LASF1
 311 003e 02       		.uleb128 0x2
 312 003f 02       		.byte	0x2
 313 0040 05       		.byte	0x5
 314 0041 6F020000 		.4byte	.LASF2
 315 0045 02       		.uleb128 0x2
 316 0046 02       		.byte	0x2
 317 0047 07       		.byte	0x7
 318 0048 3F000000 		.4byte	.LASF3
 319 004c 03       		.uleb128 0x3
 320 004d 35000000 		.4byte	.LASF5
ARM GAS  C:\Users\ANDERS~1\AppData\Local\Temp\ccwWsWgN.s 			page 9


 321 0051 02       		.byte	0x2
 322 0052 3F       		.byte	0x3f
 323 0053 57000000 		.4byte	0x57
 324 0057 02       		.uleb128 0x2
 325 0058 04       		.byte	0x4
 326 0059 05       		.byte	0x5
 327 005a 79020000 		.4byte	.LASF6
 328 005e 02       		.uleb128 0x2
 329 005f 04       		.byte	0x4
 330 0060 07       		.byte	0x7
 331 0061 29010000 		.4byte	.LASF7
 332 0065 02       		.uleb128 0x2
 333 0066 08       		.byte	0x8
 334 0067 05       		.byte	0x5
 335 0068 49020000 		.4byte	.LASF8
 336 006c 02       		.uleb128 0x2
 337 006d 08       		.byte	0x8
 338 006e 07       		.byte	0x7
 339 006f FA010000 		.4byte	.LASF9
 340 0073 04       		.uleb128 0x4
 341 0074 04       		.byte	0x4
 342 0075 05       		.byte	0x5
 343 0076 696E7400 		.ascii	"int\000"
 344 007a 02       		.uleb128 0x2
 345 007b 04       		.byte	0x4
 346 007c 07       		.byte	0x7
 347 007d ED010000 		.4byte	.LASF10
 348 0081 03       		.uleb128 0x3
 349 0082 11020000 		.4byte	.LASF11
 350 0086 03       		.byte	0x3
 351 0087 18       		.byte	0x18
 352 0088 2C000000 		.4byte	0x2c
 353 008c 03       		.uleb128 0x3
 354 008d 38020000 		.4byte	.LASF12
 355 0091 03       		.byte	0x3
 356 0092 2C       		.byte	0x2c
 357 0093 4C000000 		.4byte	0x4c
 358 0097 02       		.uleb128 0x2
 359 0098 04       		.byte	0x4
 360 0099 04       		.byte	0x4
 361 009a 5E000000 		.4byte	.LASF13
 362 009e 02       		.uleb128 0x2
 363 009f 08       		.byte	0x8
 364 00a0 04       		.byte	0x4
 365 00a1 79010000 		.4byte	.LASF14
 366 00a5 02       		.uleb128 0x2
 367 00a6 01       		.byte	0x1
 368 00a7 08       		.byte	0x8
 369 00a8 6A020000 		.4byte	.LASF15
 370 00ac 02       		.uleb128 0x2
 371 00ad 08       		.byte	0x8
 372 00ae 04       		.byte	0x4
 373 00af 82020000 		.4byte	.LASF16
 374 00b3 02       		.uleb128 0x2
 375 00b4 04       		.byte	0x4
 376 00b5 07       		.byte	0x7
 377 00b6 40020000 		.4byte	.LASF17
ARM GAS  C:\Users\ANDERS~1\AppData\Local\Temp\ccwWsWgN.s 			page 10


 378 00ba 05       		.uleb128 0x5
 379 00bb C9010000 		.4byte	.LASF39
 380 00bf 01       		.byte	0x1
 381 00c0 18       		.byte	0x18
 382 00c1 73000000 		.4byte	0x73
 383 00c5 00000000 		.4byte	.LFB63
 384 00c9 78000000 		.4byte	.LFE63-.LFB63
 385 00cd 01       		.uleb128 0x1
 386 00ce 9C       		.byte	0x9c
 387 00cf B8010000 		.4byte	0x1b8
 388 00d3 06       		.uleb128 0x6
 389 00d4 0A000000 		.4byte	.LVL0
 390 00d8 EE020000 		.4byte	0x2ee
 391 00dc EA000000 		.4byte	0xea
 392 00e0 07       		.uleb128 0x7
 393 00e1 01       		.uleb128 0x1
 394 00e2 50       		.byte	0x50
 395 00e3 05       		.uleb128 0x5
 396 00e4 03       		.byte	0x3
 397 00e5 00000000 		.4byte	ISR_UART_rx_handler
 398 00e9 00       		.byte	0
 399 00ea 08       		.uleb128 0x8
 400 00eb 0E000000 		.4byte	.LVL1
 401 00ef F9020000 		.4byte	0x2f9
 402 00f3 08       		.uleb128 0x8
 403 00f4 12000000 		.4byte	.LVL2
 404 00f8 04030000 		.4byte	0x304
 405 00fc 08       		.uleb128 0x8
 406 00fd 16000000 		.4byte	.LVL3
 407 0101 0F030000 		.4byte	0x30f
 408 0105 06       		.uleb128 0x6
 409 0106 1C000000 		.4byte	.LVL4
 410 010a 1A030000 		.4byte	0x31a
 411 010e 1C010000 		.4byte	0x11c
 412 0112 07       		.uleb128 0x7
 413 0113 01       		.uleb128 0x1
 414 0114 50       		.byte	0x50
 415 0115 05       		.uleb128 0x5
 416 0116 03       		.byte	0x3
 417 0117 00000000 		.4byte	.LC0
 418 011b 00       		.byte	0
 419 011c 06       		.uleb128 0x6
 420 011d 22000000 		.4byte	.LVL5
 421 0121 1A030000 		.4byte	0x31a
 422 0125 33010000 		.4byte	0x133
 423 0129 07       		.uleb128 0x7
 424 012a 01       		.uleb128 0x1
 425 012b 50       		.byte	0x50
 426 012c 05       		.uleb128 0x5
 427 012d 03       		.byte	0x3
 428 012e 24000000 		.4byte	.LC1
 429 0132 00       		.byte	0
 430 0133 06       		.uleb128 0x6
 431 0134 28000000 		.4byte	.LVL6
 432 0138 1A030000 		.4byte	0x31a
 433 013c 4A010000 		.4byte	0x14a
 434 0140 07       		.uleb128 0x7
ARM GAS  C:\Users\ANDERS~1\AppData\Local\Temp\ccwWsWgN.s 			page 11


 435 0141 01       		.uleb128 0x1
 436 0142 50       		.byte	0x50
 437 0143 05       		.uleb128 0x5
 438 0144 03       		.byte	0x3
 439 0145 38000000 		.4byte	.LC2
 440 0149 00       		.byte	0
 441 014a 06       		.uleb128 0x6
 442 014b 2E000000 		.4byte	.LVL7
 443 014f 1A030000 		.4byte	0x31a
 444 0153 61010000 		.4byte	0x161
 445 0157 07       		.uleb128 0x7
 446 0158 01       		.uleb128 0x1
 447 0159 50       		.byte	0x50
 448 015a 05       		.uleb128 0x5
 449 015b 03       		.byte	0x3
 450 015c 54000000 		.4byte	.LC3
 451 0160 00       		.byte	0
 452 0161 06       		.uleb128 0x6
 453 0162 34000000 		.4byte	.LVL8
 454 0166 1A030000 		.4byte	0x31a
 455 016a 78010000 		.4byte	0x178
 456 016e 07       		.uleb128 0x7
 457 016f 01       		.uleb128 0x1
 458 0170 50       		.byte	0x50
 459 0171 05       		.uleb128 0x5
 460 0172 03       		.byte	0x3
 461 0173 70000000 		.4byte	.LC4
 462 0177 00       		.byte	0
 463 0178 06       		.uleb128 0x6
 464 0179 3A000000 		.4byte	.LVL9
 465 017d 1A030000 		.4byte	0x31a
 466 0181 8F010000 		.4byte	0x18f
 467 0185 07       		.uleb128 0x7
 468 0186 01       		.uleb128 0x1
 469 0187 50       		.byte	0x50
 470 0188 05       		.uleb128 0x5
 471 0189 03       		.byte	0x3
 472 018a 8C000000 		.4byte	.LC5
 473 018e 00       		.byte	0
 474 018f 06       		.uleb128 0x6
 475 0190 48000000 		.4byte	.LVL10
 476 0194 1A030000 		.4byte	0x31a
 477 0198 A6010000 		.4byte	0x1a6
 478 019c 07       		.uleb128 0x7
 479 019d 01       		.uleb128 0x1
 480 019e 50       		.byte	0x50
 481 019f 05       		.uleb128 0x5
 482 01a0 03       		.byte	0x3
 483 01a1 A8000000 		.4byte	.LC6
 484 01a5 00       		.byte	0
 485 01a6 09       		.uleb128 0x9
 486 01a7 50000000 		.4byte	.LVL11
 487 01ab 25030000 		.4byte	0x325
 488 01af 07       		.uleb128 0x7
 489 01b0 01       		.uleb128 0x1
 490 01b1 50       		.byte	0x50
 491 01b2 03       		.uleb128 0x3
ARM GAS  C:\Users\ANDERS~1\AppData\Local\Temp\ccwWsWgN.s 			page 12


 492 01b3 0A       		.byte	0xa
 493 01b4 D007     		.2byte	0x7d0
 494 01b6 00       		.byte	0
 495 01b7 00       		.byte	0
 496 01b8 0A       		.uleb128 0xa
 497 01b9 CE010000 		.4byte	.LASF18
 498 01bd 01       		.byte	0x1
 499 01be 3D       		.byte	0x3d
 500 01bf 00000000 		.4byte	.LFB65
 501 01c3 50000000 		.4byte	.LFE65-.LFB65
 502 01c7 01       		.uleb128 0x1
 503 01c8 9C       		.byte	0x9c
 504 01c9 54020000 		.4byte	0x254
 505 01cd 0B       		.uleb128 0xb
 506 01ce 6C000000 		.4byte	.LASF21
 507 01d2 01       		.byte	0x1
 508 01d3 3D       		.byte	0x3d
 509 01d4 81000000 		.4byte	0x81
 510 01d8 00000000 		.4byte	.LLST0
 511 01dc 06       		.uleb128 0x6
 512 01dd 0A000000 		.4byte	.LVL14
 513 01e1 30030000 		.4byte	0x330
 514 01e5 EF010000 		.4byte	0x1ef
 515 01e9 07       		.uleb128 0x7
 516 01ea 01       		.uleb128 0x1
 517 01eb 50       		.byte	0x50
 518 01ec 01       		.uleb128 0x1
 519 01ed 31       		.byte	0x31
 520 01ee 00       		.byte	0
 521 01ef 06       		.uleb128 0x6
 522 01f0 2A000000 		.4byte	.LVL15
 523 01f4 3B030000 		.4byte	0x33b
 524 01f8 02020000 		.4byte	0x202
 525 01fc 07       		.uleb128 0x7
 526 01fd 01       		.uleb128 0x1
 527 01fe 50       		.byte	0x50
 528 01ff 01       		.uleb128 0x1
 529 0200 31       		.byte	0x31
 530 0201 00       		.byte	0
 531 0202 06       		.uleb128 0x6
 532 0203 32000000 		.4byte	.LVL16
 533 0207 46030000 		.4byte	0x346
 534 020b 15020000 		.4byte	0x215
 535 020f 07       		.uleb128 0x7
 536 0210 01       		.uleb128 0x1
 537 0211 50       		.byte	0x50
 538 0212 01       		.uleb128 0x1
 539 0213 31       		.byte	0x31
 540 0214 00       		.byte	0
 541 0215 06       		.uleb128 0x6
 542 0216 3A000000 		.4byte	.LVL17
 543 021a 3B030000 		.4byte	0x33b
 544 021e 28020000 		.4byte	0x228
 545 0222 07       		.uleb128 0x7
 546 0223 01       		.uleb128 0x1
 547 0224 50       		.byte	0x50
 548 0225 01       		.uleb128 0x1
ARM GAS  C:\Users\ANDERS~1\AppData\Local\Temp\ccwWsWgN.s 			page 13


 549 0226 3A       		.byte	0x3a
 550 0227 00       		.byte	0
 551 0228 06       		.uleb128 0x6
 552 0229 42000000 		.4byte	.LVL18
 553 022d 46030000 		.4byte	0x346
 554 0231 3B020000 		.4byte	0x23b
 555 0235 07       		.uleb128 0x7
 556 0236 01       		.uleb128 0x1
 557 0237 50       		.byte	0x50
 558 0238 01       		.uleb128 0x1
 559 0239 3A       		.byte	0x3a
 560 023a 00       		.byte	0
 561 023b 08       		.uleb128 0x8
 562 023c 48000000 		.4byte	.LVL19
 563 0240 0F030000 		.4byte	0x30f
 564 0244 09       		.uleb128 0x9
 565 0245 4E000000 		.4byte	.LVL20
 566 0249 30030000 		.4byte	0x330
 567 024d 07       		.uleb128 0x7
 568 024e 01       		.uleb128 0x1
 569 024f 50       		.byte	0x50
 570 0250 01       		.uleb128 0x1
 571 0251 30       		.byte	0x30
 572 0252 00       		.byte	0
 573 0253 00       		.byte	0
 574 0254 0A       		.uleb128 0xa
 575 0255 15010000 		.4byte	.LASF19
 576 0259 01       		.byte	0x1
 577 025a 31       		.byte	0x31
 578 025b 00000000 		.4byte	.LFB64
 579 025f 24000000 		.4byte	.LFE64-.LFB64
 580 0263 01       		.uleb128 0x1
 581 0264 9C       		.byte	0x9c
 582 0265 CC020000 		.4byte	0x2cc
 583 0269 0C       		.uleb128 0xc
 584 026a 52000000 		.4byte	.LASF20
 585 026e 01       		.byte	0x1
 586 026f 33       		.byte	0x33
 587 0270 81000000 		.4byte	0x81
 588 0274 21000000 		.4byte	.LLST1
 589 0278 0D       		.uleb128 0xd
 590 0279 0A000000 		.4byte	.LBB2
 591 027d 14000000 		.4byte	.LBE2-.LBB2
 592 0281 C2020000 		.4byte	0x2c2
 593 0285 0C       		.uleb128 0xc
 594 0286 6C000000 		.4byte	.LASF21
 595 028a 01       		.byte	0x1
 596 028b 36       		.byte	0x36
 597 028c 81000000 		.4byte	0x81
 598 0290 3F000000 		.4byte	.LLST2
 599 0294 08       		.uleb128 0x8
 600 0295 0E000000 		.4byte	.LVL23
 601 0299 51030000 		.4byte	0x351
 602 029d 06       		.uleb128 0x6
 603 029e 14000000 		.4byte	.LVL25
 604 02a2 5C030000 		.4byte	0x35c
 605 02a6 B1020000 		.4byte	0x2b1
ARM GAS  C:\Users\ANDERS~1\AppData\Local\Temp\ccwWsWgN.s 			page 14


 606 02aa 07       		.uleb128 0x7
 607 02ab 01       		.uleb128 0x1
 608 02ac 50       		.byte	0x50
 609 02ad 02       		.uleb128 0x2
 610 02ae 75       		.byte	0x75
 611 02af 00       		.sleb128 0
 612 02b0 00       		.byte	0
 613 02b1 09       		.uleb128 0x9
 614 02b2 1A000000 		.4byte	.LVL26
 615 02b6 B8010000 		.4byte	0x1b8
 616 02ba 07       		.uleb128 0x7
 617 02bb 01       		.uleb128 0x1
 618 02bc 50       		.byte	0x50
 619 02bd 02       		.uleb128 0x2
 620 02be 75       		.byte	0x75
 621 02bf 00       		.sleb128 0
 622 02c0 00       		.byte	0
 623 02c1 00       		.byte	0
 624 02c2 08       		.uleb128 0x8
 625 02c3 06000000 		.4byte	.LVL21
 626 02c7 67030000 		.4byte	0x367
 627 02cb 00       		.byte	0
 628 02cc 0E       		.uleb128 0xe
 629 02cd 59010000 		.4byte	.LASF22
 630 02d1 04       		.byte	0x4
 631 02d2 9606     		.2byte	0x696
 632 02d4 D8020000 		.4byte	0x2d8
 633 02d8 0F       		.uleb128 0xf
 634 02d9 8C000000 		.4byte	0x8c
 635 02dd 10       		.uleb128 0x10
 636 02de 64000000 		.4byte	.LASF23
 637 02e2 01       		.byte	0x1
 638 02e3 16       		.byte	0x16
 639 02e4 73000000 		.4byte	0x73
 640 02e8 05       		.uleb128 0x5
 641 02e9 03       		.byte	0x3
 642 02ea 00000000 		.4byte	counter
 643 02ee 11       		.uleb128 0x11
 644 02ef 00000000 		.4byte	.LASF24
 645 02f3 00000000 		.4byte	.LASF24
 646 02f7 05       		.byte	0x5
 647 02f8 18       		.byte	0x18
 648 02f9 11       		.uleb128 0x11
 649 02fa 14000000 		.4byte	.LASF25
 650 02fe 14000000 		.4byte	.LASF25
 651 0302 06       		.byte	0x6
 652 0303 54       		.byte	0x54
 653 0304 11       		.uleb128 0x11
 654 0305 4D010000 		.4byte	.LASF26
 655 0309 4D010000 		.4byte	.LASF26
 656 030d 07       		.byte	0x7
 657 030e 92       		.byte	0x92
 658 030f 11       		.uleb128 0x11
 659 0310 30020000 		.4byte	.LASF27
 660 0314 30020000 		.4byte	.LASF27
 661 0318 01       		.byte	0x1
 662 0319 15       		.byte	0x15
ARM GAS  C:\Users\ANDERS~1\AppData\Local\Temp\ccwWsWgN.s 			page 15


 663 031a 11       		.uleb128 0x11
 664 031b 9A020000 		.4byte	.LASF28
 665 031f 9A020000 		.4byte	.LASF28
 666 0323 06       		.byte	0x6
 667 0324 8B       		.byte	0x8b
 668 0325 11       		.uleb128 0x11
 669 0326 AB020000 		.4byte	.LASF29
 670 032a AB020000 		.4byte	.LASF29
 671 032e 08       		.byte	0x8
 672 032f 76       		.byte	0x76
 673 0330 11       		.uleb128 0x11
 674 0331 2B000000 		.4byte	.LASF30
 675 0335 2B000000 		.4byte	.LASF30
 676 0339 09       		.byte	0x9
 677 033a 26       		.byte	0x26
 678 033b 11       		.uleb128 0x11
 679 033c E1010000 		.4byte	.LASF31
 680 0340 E1010000 		.4byte	.LASF31
 681 0344 01       		.byte	0x1
 682 0345 13       		.byte	0x13
 683 0346 11       		.uleb128 0x11
 684 0347 57020000 		.4byte	.LASF32
 685 034b 57020000 		.4byte	.LASF32
 686 034f 01       		.byte	0x1
 687 0350 14       		.byte	0x14
 688 0351 11       		.uleb128 0x11
 689 0352 3B010000 		.4byte	.LASF33
 690 0356 3B010000 		.4byte	.LASF33
 691 035a 06       		.byte	0x6
 692 035b 6F       		.byte	0x6f
 693 035c 11       		.uleb128 0x11
 694 035d 66010000 		.4byte	.LASF34
 695 0361 66010000 		.4byte	.LASF34
 696 0365 06       		.byte	0x6
 697 0366 88       		.byte	0x88
 698 0367 11       		.uleb128 0x11
 699 0368 19020000 		.4byte	.LASF35
 700 036c 19020000 		.4byte	.LASF35
 701 0370 06       		.byte	0x6
 702 0371 73       		.byte	0x73
 703 0372 00       		.byte	0
 704              		.section	.debug_abbrev,"",%progbits
 705              	.Ldebug_abbrev0:
 706 0000 01       		.uleb128 0x1
 707 0001 11       		.uleb128 0x11
 708 0002 01       		.byte	0x1
 709 0003 25       		.uleb128 0x25
 710 0004 0E       		.uleb128 0xe
 711 0005 13       		.uleb128 0x13
 712 0006 0B       		.uleb128 0xb
 713 0007 03       		.uleb128 0x3
 714 0008 0E       		.uleb128 0xe
 715 0009 1B       		.uleb128 0x1b
 716 000a 0E       		.uleb128 0xe
 717 000b 55       		.uleb128 0x55
 718 000c 17       		.uleb128 0x17
 719 000d 11       		.uleb128 0x11
ARM GAS  C:\Users\ANDERS~1\AppData\Local\Temp\ccwWsWgN.s 			page 16


 720 000e 01       		.uleb128 0x1
 721 000f 10       		.uleb128 0x10
 722 0010 17       		.uleb128 0x17
 723 0011 00       		.byte	0
 724 0012 00       		.byte	0
 725 0013 02       		.uleb128 0x2
 726 0014 24       		.uleb128 0x24
 727 0015 00       		.byte	0
 728 0016 0B       		.uleb128 0xb
 729 0017 0B       		.uleb128 0xb
 730 0018 3E       		.uleb128 0x3e
 731 0019 0B       		.uleb128 0xb
 732 001a 03       		.uleb128 0x3
 733 001b 0E       		.uleb128 0xe
 734 001c 00       		.byte	0
 735 001d 00       		.byte	0
 736 001e 03       		.uleb128 0x3
 737 001f 16       		.uleb128 0x16
 738 0020 00       		.byte	0
 739 0021 03       		.uleb128 0x3
 740 0022 0E       		.uleb128 0xe
 741 0023 3A       		.uleb128 0x3a
 742 0024 0B       		.uleb128 0xb
 743 0025 3B       		.uleb128 0x3b
 744 0026 0B       		.uleb128 0xb
 745 0027 49       		.uleb128 0x49
 746 0028 13       		.uleb128 0x13
 747 0029 00       		.byte	0
 748 002a 00       		.byte	0
 749 002b 04       		.uleb128 0x4
 750 002c 24       		.uleb128 0x24
 751 002d 00       		.byte	0
 752 002e 0B       		.uleb128 0xb
 753 002f 0B       		.uleb128 0xb
 754 0030 3E       		.uleb128 0x3e
 755 0031 0B       		.uleb128 0xb
 756 0032 03       		.uleb128 0x3
 757 0033 08       		.uleb128 0x8
 758 0034 00       		.byte	0
 759 0035 00       		.byte	0
 760 0036 05       		.uleb128 0x5
 761 0037 2E       		.uleb128 0x2e
 762 0038 01       		.byte	0x1
 763 0039 3F       		.uleb128 0x3f
 764 003a 19       		.uleb128 0x19
 765 003b 03       		.uleb128 0x3
 766 003c 0E       		.uleb128 0xe
 767 003d 3A       		.uleb128 0x3a
 768 003e 0B       		.uleb128 0xb
 769 003f 3B       		.uleb128 0x3b
 770 0040 0B       		.uleb128 0xb
 771 0041 27       		.uleb128 0x27
 772 0042 19       		.uleb128 0x19
 773 0043 49       		.uleb128 0x49
 774 0044 13       		.uleb128 0x13
 775 0045 8701     		.uleb128 0x87
 776 0047 19       		.uleb128 0x19
ARM GAS  C:\Users\ANDERS~1\AppData\Local\Temp\ccwWsWgN.s 			page 17


 777 0048 11       		.uleb128 0x11
 778 0049 01       		.uleb128 0x1
 779 004a 12       		.uleb128 0x12
 780 004b 06       		.uleb128 0x6
 781 004c 40       		.uleb128 0x40
 782 004d 18       		.uleb128 0x18
 783 004e 9742     		.uleb128 0x2117
 784 0050 19       		.uleb128 0x19
 785 0051 01       		.uleb128 0x1
 786 0052 13       		.uleb128 0x13
 787 0053 00       		.byte	0
 788 0054 00       		.byte	0
 789 0055 06       		.uleb128 0x6
 790 0056 898201   		.uleb128 0x4109
 791 0059 01       		.byte	0x1
 792 005a 11       		.uleb128 0x11
 793 005b 01       		.uleb128 0x1
 794 005c 31       		.uleb128 0x31
 795 005d 13       		.uleb128 0x13
 796 005e 01       		.uleb128 0x1
 797 005f 13       		.uleb128 0x13
 798 0060 00       		.byte	0
 799 0061 00       		.byte	0
 800 0062 07       		.uleb128 0x7
 801 0063 8A8201   		.uleb128 0x410a
 802 0066 00       		.byte	0
 803 0067 02       		.uleb128 0x2
 804 0068 18       		.uleb128 0x18
 805 0069 9142     		.uleb128 0x2111
 806 006b 18       		.uleb128 0x18
 807 006c 00       		.byte	0
 808 006d 00       		.byte	0
 809 006e 08       		.uleb128 0x8
 810 006f 898201   		.uleb128 0x4109
 811 0072 00       		.byte	0
 812 0073 11       		.uleb128 0x11
 813 0074 01       		.uleb128 0x1
 814 0075 31       		.uleb128 0x31
 815 0076 13       		.uleb128 0x13
 816 0077 00       		.byte	0
 817 0078 00       		.byte	0
 818 0079 09       		.uleb128 0x9
 819 007a 898201   		.uleb128 0x4109
 820 007d 01       		.byte	0x1
 821 007e 11       		.uleb128 0x11
 822 007f 01       		.uleb128 0x1
 823 0080 31       		.uleb128 0x31
 824 0081 13       		.uleb128 0x13
 825 0082 00       		.byte	0
 826 0083 00       		.byte	0
 827 0084 0A       		.uleb128 0xa
 828 0085 2E       		.uleb128 0x2e
 829 0086 01       		.byte	0x1
 830 0087 3F       		.uleb128 0x3f
 831 0088 19       		.uleb128 0x19
 832 0089 03       		.uleb128 0x3
 833 008a 0E       		.uleb128 0xe
ARM GAS  C:\Users\ANDERS~1\AppData\Local\Temp\ccwWsWgN.s 			page 18


 834 008b 3A       		.uleb128 0x3a
 835 008c 0B       		.uleb128 0xb
 836 008d 3B       		.uleb128 0x3b
 837 008e 0B       		.uleb128 0xb
 838 008f 27       		.uleb128 0x27
 839 0090 19       		.uleb128 0x19
 840 0091 11       		.uleb128 0x11
 841 0092 01       		.uleb128 0x1
 842 0093 12       		.uleb128 0x12
 843 0094 06       		.uleb128 0x6
 844 0095 40       		.uleb128 0x40
 845 0096 18       		.uleb128 0x18
 846 0097 9742     		.uleb128 0x2117
 847 0099 19       		.uleb128 0x19
 848 009a 01       		.uleb128 0x1
 849 009b 13       		.uleb128 0x13
 850 009c 00       		.byte	0
 851 009d 00       		.byte	0
 852 009e 0B       		.uleb128 0xb
 853 009f 05       		.uleb128 0x5
 854 00a0 00       		.byte	0
 855 00a1 03       		.uleb128 0x3
 856 00a2 0E       		.uleb128 0xe
 857 00a3 3A       		.uleb128 0x3a
 858 00a4 0B       		.uleb128 0xb
 859 00a5 3B       		.uleb128 0x3b
 860 00a6 0B       		.uleb128 0xb
 861 00a7 49       		.uleb128 0x49
 862 00a8 13       		.uleb128 0x13
 863 00a9 02       		.uleb128 0x2
 864 00aa 17       		.uleb128 0x17
 865 00ab 00       		.byte	0
 866 00ac 00       		.byte	0
 867 00ad 0C       		.uleb128 0xc
 868 00ae 34       		.uleb128 0x34
 869 00af 00       		.byte	0
 870 00b0 03       		.uleb128 0x3
 871 00b1 0E       		.uleb128 0xe
 872 00b2 3A       		.uleb128 0x3a
 873 00b3 0B       		.uleb128 0xb
 874 00b4 3B       		.uleb128 0x3b
 875 00b5 0B       		.uleb128 0xb
 876 00b6 49       		.uleb128 0x49
 877 00b7 13       		.uleb128 0x13
 878 00b8 02       		.uleb128 0x2
 879 00b9 17       		.uleb128 0x17
 880 00ba 00       		.byte	0
 881 00bb 00       		.byte	0
 882 00bc 0D       		.uleb128 0xd
 883 00bd 0B       		.uleb128 0xb
 884 00be 01       		.byte	0x1
 885 00bf 11       		.uleb128 0x11
 886 00c0 01       		.uleb128 0x1
 887 00c1 12       		.uleb128 0x12
 888 00c2 06       		.uleb128 0x6
 889 00c3 01       		.uleb128 0x1
 890 00c4 13       		.uleb128 0x13
ARM GAS  C:\Users\ANDERS~1\AppData\Local\Temp\ccwWsWgN.s 			page 19


 891 00c5 00       		.byte	0
 892 00c6 00       		.byte	0
 893 00c7 0E       		.uleb128 0xe
 894 00c8 34       		.uleb128 0x34
 895 00c9 00       		.byte	0
 896 00ca 03       		.uleb128 0x3
 897 00cb 0E       		.uleb128 0xe
 898 00cc 3A       		.uleb128 0x3a
 899 00cd 0B       		.uleb128 0xb
 900 00ce 3B       		.uleb128 0x3b
 901 00cf 05       		.uleb128 0x5
 902 00d0 49       		.uleb128 0x49
 903 00d1 13       		.uleb128 0x13
 904 00d2 3F       		.uleb128 0x3f
 905 00d3 19       		.uleb128 0x19
 906 00d4 3C       		.uleb128 0x3c
 907 00d5 19       		.uleb128 0x19
 908 00d6 00       		.byte	0
 909 00d7 00       		.byte	0
 910 00d8 0F       		.uleb128 0xf
 911 00d9 35       		.uleb128 0x35
 912 00da 00       		.byte	0
 913 00db 49       		.uleb128 0x49
 914 00dc 13       		.uleb128 0x13
 915 00dd 00       		.byte	0
 916 00de 00       		.byte	0
 917 00df 10       		.uleb128 0x10
 918 00e0 34       		.uleb128 0x34
 919 00e1 00       		.byte	0
 920 00e2 03       		.uleb128 0x3
 921 00e3 0E       		.uleb128 0xe
 922 00e4 3A       		.uleb128 0x3a
 923 00e5 0B       		.uleb128 0xb
 924 00e6 3B       		.uleb128 0x3b
 925 00e7 0B       		.uleb128 0xb
 926 00e8 49       		.uleb128 0x49
 927 00e9 13       		.uleb128 0x13
 928 00ea 3F       		.uleb128 0x3f
 929 00eb 19       		.uleb128 0x19
 930 00ec 02       		.uleb128 0x2
 931 00ed 18       		.uleb128 0x18
 932 00ee 00       		.byte	0
 933 00ef 00       		.byte	0
 934 00f0 11       		.uleb128 0x11
 935 00f1 2E       		.uleb128 0x2e
 936 00f2 00       		.byte	0
 937 00f3 3F       		.uleb128 0x3f
 938 00f4 19       		.uleb128 0x19
 939 00f5 3C       		.uleb128 0x3c
 940 00f6 19       		.uleb128 0x19
 941 00f7 6E       		.uleb128 0x6e
 942 00f8 0E       		.uleb128 0xe
 943 00f9 03       		.uleb128 0x3
 944 00fa 0E       		.uleb128 0xe
 945 00fb 3A       		.uleb128 0x3a
 946 00fc 0B       		.uleb128 0xb
 947 00fd 3B       		.uleb128 0x3b
ARM GAS  C:\Users\ANDERS~1\AppData\Local\Temp\ccwWsWgN.s 			page 20


 948 00fe 0B       		.uleb128 0xb
 949 00ff 00       		.byte	0
 950 0100 00       		.byte	0
 951 0101 00       		.byte	0
 952              		.section	.debug_loc,"",%progbits
 953              	.Ldebug_loc0:
 954              	.LLST0:
 955 0000 00000000 		.4byte	.LVL12
 956 0004 06000000 		.4byte	.LVL13
 957 0008 0100     		.2byte	0x1
 958 000a 50       		.byte	0x50
 959 000b 06000000 		.4byte	.LVL13
 960 000f 50000000 		.4byte	.LFE65
 961 0013 0400     		.2byte	0x4
 962 0015 F3       		.byte	0xf3
 963 0016 01       		.uleb128 0x1
 964 0017 50       		.byte	0x50
 965 0018 9F       		.byte	0x9f
 966 0019 00000000 		.4byte	0
 967 001d 00000000 		.4byte	0
 968              	.LLST1:
 969 0021 08000000 		.4byte	.LVL22
 970 0025 1C000000 		.4byte	.LVL27
 971 0029 0100     		.2byte	0x1
 972 002b 54       		.byte	0x54
 973 002c 1E000000 		.4byte	.LVL28
 974 0030 24000000 		.4byte	.LFE64
 975 0034 0100     		.2byte	0x1
 976 0036 54       		.byte	0x54
 977 0037 00000000 		.4byte	0
 978 003b 00000000 		.4byte	0
 979              	.LLST2:
 980 003f 10000000 		.4byte	.LVL24
 981 0043 1E000000 		.4byte	.LVL28
 982 0047 0100     		.2byte	0x1
 983 0049 55       		.byte	0x55
 984 004a 00000000 		.4byte	0
 985 004e 00000000 		.4byte	0
 986              		.section	.debug_aranges,"",%progbits
 987 0000 2C000000 		.4byte	0x2c
 988 0004 0200     		.2byte	0x2
 989 0006 00000000 		.4byte	.Ldebug_info0
 990 000a 04       		.byte	0x4
 991 000b 00       		.byte	0
 992 000c 0000     		.2byte	0
 993 000e 0000     		.2byte	0
 994 0010 00000000 		.4byte	.LFB63
 995 0014 78000000 		.4byte	.LFE63-.LFB63
 996 0018 00000000 		.4byte	.LFB65
 997 001c 50000000 		.4byte	.LFE65-.LFB65
 998 0020 00000000 		.4byte	.LFB64
 999 0024 24000000 		.4byte	.LFE64-.LFB64
 1000 0028 00000000 		.4byte	0
 1001 002c 00000000 		.4byte	0
 1002              		.section	.debug_ranges,"",%progbits
 1003              	.Ldebug_ranges0:
 1004 0000 00000000 		.4byte	.LFB63
ARM GAS  C:\Users\ANDERS~1\AppData\Local\Temp\ccwWsWgN.s 			page 21


 1005 0004 78000000 		.4byte	.LFE63
 1006 0008 00000000 		.4byte	.LFB65
 1007 000c 50000000 		.4byte	.LFE65
 1008 0010 00000000 		.4byte	.LFB64
 1009 0014 24000000 		.4byte	.LFE64
 1010 0018 00000000 		.4byte	0
 1011 001c 00000000 		.4byte	0
 1012              		.section	.debug_line,"",%progbits
 1013              	.Ldebug_line0:
 1014 0000 DE010000 		.section	.debug_str,"MS",%progbits,1
 1014      02007B01 
 1014      00000201 
 1014      FB0E0D00 
 1014      01010101 
 1015              	.LASF24:
 1016 0000 6973725F 		.ascii	"isr_uart_rx_StartEx\000"
 1016      75617274 
 1016      5F72785F 
 1016      53746172 
 1016      74457800 
 1017              	.LASF25:
 1018 0014 55415254 		.ascii	"UART_1_Start\000"
 1018      5F315F53 
 1018      74617274 
 1018      00
 1019              	.LASF4:
 1020 0021 5F5F7569 		.ascii	"__uint8_t\000"
 1020      6E74385F 
 1020      7400
 1021              	.LASF30:
 1022 002b 4C45445F 		.ascii	"LED_Write\000"
 1022      57726974 
 1022      6500
 1023              	.LASF5:
 1024 0035 5F5F696E 		.ascii	"__int32_t\000"
 1024      7433325F 
 1024      7400
 1025              	.LASF3:
 1026 003f 73686F72 		.ascii	"short unsigned int\000"
 1026      7420756E 
 1026      7369676E 
 1026      65642069 
 1026      6E7400
 1027              	.LASF20:
 1028 0052 62797465 		.ascii	"bytesToRead\000"
 1028      73546F52 
 1028      65616400 
 1029              	.LASF13:
 1030 005e 666C6F61 		.ascii	"float\000"
 1030      7400
 1031              	.LASF23:
 1032 0064 636F756E 		.ascii	"counter\000"
 1032      74657200 
 1033              	.LASF21:
 1034 006c 62797465 		.ascii	"byteReceived\000"
 1034      52656365 
 1034      69766564 
ARM GAS  C:\Users\ANDERS~1\AppData\Local\Temp\ccwWsWgN.s 			page 22


 1034      00
 1035              	.LASF1:
 1036 0079 756E7369 		.ascii	"unsigned char\000"
 1036      676E6564 
 1036      20636861 
 1036      7200
 1037              	.LASF36:
 1038 0087 474E5520 		.ascii	"GNU C11 5.4.1 20160609 (release) [ARM/embedded-5-br"
 1038      43313120 
 1038      352E342E 
 1038      31203230 
 1038      31363036 
 1039 00ba 616E6368 		.ascii	"anch revision 237715] -mcpu=cortex-m3 -mthumb -g -O"
 1039      20726576 
 1039      6973696F 
 1039      6E203233 
 1039      37373135 
 1040 00ed 67202D66 		.ascii	"g -ffunction-sections -ffat-lto-objects\000"
 1040      66756E63 
 1040      74696F6E 
 1040      2D736563 
 1040      74696F6E 
 1041              	.LASF19:
 1042 0115 4953525F 		.ascii	"ISR_UART_rx_handler\000"
 1042      55415254 
 1042      5F72785F 
 1042      68616E64 
 1042      6C657200 
 1043              	.LASF7:
 1044 0129 6C6F6E67 		.ascii	"long unsigned int\000"
 1044      20756E73 
 1044      69676E65 
 1044      6420696E 
 1044      7400
 1045              	.LASF33:
 1046 013b 55415254 		.ascii	"UART_1_ReadRxData\000"
 1046      5F315F52 
 1046      65616452 
 1046      78446174 
 1046      6100
 1047              	.LASF26:
 1048 014d 50574D5F 		.ascii	"PWM_1_Start\000"
 1048      315F5374 
 1048      61727400 
 1049              	.LASF22:
 1050 0159 49544D5F 		.ascii	"ITM_RxBuffer\000"
 1050      52784275 
 1050      66666572 
 1050      00
 1051              	.LASF34:
 1052 0166 55415254 		.ascii	"UART_1_WriteTxData\000"
 1052      5F315F57 
 1052      72697465 
 1052      54784461 
 1052      746100
 1053              	.LASF14:
 1054 0179 646F7562 		.ascii	"double\000"
ARM GAS  C:\Users\ANDERS~1\AppData\Local\Temp\ccwWsWgN.s 			page 23


 1054      6C6500
 1055              	.LASF38:
 1056 0180 433A5C55 		.ascii	"C:\\Users\\Anders Hansen\\Desktop\\shootingControlS"
 1056      73657273 
 1056      5C416E64 
 1056      65727320 
 1056      48616E73 
 1057 01af 575C7368 		.ascii	"W\\shootingControlSW.cydsn\000"
 1057      6F6F7469 
 1057      6E67436F 
 1057      6E74726F 
 1057      6C53572E 
 1058              	.LASF39:
 1059 01c9 6D61696E 		.ascii	"main\000"
 1059      00
 1060              	.LASF18:
 1061 01ce 68616E64 		.ascii	"handleByteReceived\000"
 1061      6C654279 
 1061      74655265 
 1061      63656976 
 1061      656400
 1062              	.LASF31:
 1063 01e1 64656372 		.ascii	"decreasePWM\000"
 1063      65617365 
 1063      50574D00 
 1064              	.LASF10:
 1065 01ed 756E7369 		.ascii	"unsigned int\000"
 1065      676E6564 
 1065      20696E74 
 1065      00
 1066              	.LASF9:
 1067 01fa 6C6F6E67 		.ascii	"long long unsigned int\000"
 1067      206C6F6E 
 1067      6720756E 
 1067      7369676E 
 1067      65642069 
 1068              	.LASF11:
 1069 0211 75696E74 		.ascii	"uint8_t\000"
 1069      385F7400 
 1070              	.LASF35:
 1071 0219 55415254 		.ascii	"UART_1_GetRxBufferSize\000"
 1071      5F315F47 
 1071      65745278 
 1071      42756666 
 1071      65725369 
 1072              	.LASF27:
 1073 0230 73657450 		.ascii	"setPWM0\000"
 1073      574D3000 
 1074              	.LASF12:
 1075 0238 696E7433 		.ascii	"int32_t\000"
 1075      325F7400 
 1076              	.LASF17:
 1077 0240 73697A65 		.ascii	"sizetype\000"
 1077      74797065 
 1077      00
 1078              	.LASF8:
 1079 0249 6C6F6E67 		.ascii	"long long int\000"
ARM GAS  C:\Users\ANDERS~1\AppData\Local\Temp\ccwWsWgN.s 			page 24


 1079      206C6F6E 
 1079      6720696E 
 1079      7400
 1080              	.LASF32:
 1081 0257 696E6372 		.ascii	"increasePWM\000"
 1081      65617365 
 1081      50574D00 
 1082              	.LASF37:
 1083 0263 6D61696E 		.ascii	"main.c\000"
 1083      2E6300
 1084              	.LASF15:
 1085 026a 63686172 		.ascii	"char\000"
 1085      00
 1086              	.LASF2:
 1087 026f 73686F72 		.ascii	"short int\000"
 1087      7420696E 
 1087      7400
 1088              	.LASF6:
 1089 0279 6C6F6E67 		.ascii	"long int\000"
 1089      20696E74 
 1089      00
 1090              	.LASF16:
 1091 0282 6C6F6E67 		.ascii	"long double\000"
 1091      20646F75 
 1091      626C6500 
 1092              	.LASF0:
 1093 028e 7369676E 		.ascii	"signed char\000"
 1093      65642063 
 1093      68617200 
 1094              	.LASF28:
 1095 029a 55415254 		.ascii	"UART_1_PutString\000"
 1095      5F315F50 
 1095      75745374 
 1095      72696E67 
 1095      00
 1096              	.LASF29:
 1097 02ab 43794465 		.ascii	"CyDelay\000"
 1097      6C617900 
 1098              		.ident	"GCC: (GNU Tools for ARM Embedded Processors) 5.4.1 20160609 (release) [ARM/embedded-5-bran
