ARM GAS  C:\Users\ANDERS~1\AppData\Local\Temp\ccjNK7Ge.s 			page 1


   1              		.syntax unified
   2              		.cpu cortex-m3
   3              		.fpu softvfp
   4              		.eabi_attribute 20, 1
   5              		.eabi_attribute 21, 1
   6              		.eabi_attribute 23, 3
   7              		.eabi_attribute 24, 1
   8              		.eabi_attribute 25, 1
   9              		.eabi_attribute 26, 1
  10              		.eabi_attribute 30, 1
  11              		.eabi_attribute 34, 1
  12              		.eabi_attribute 18, 4
  13              		.thumb
  14              		.syntax unified
  15              		.file	"PWMFuncs.c"
  16              		.text
  17              	.Ltext0:
  18              		.cfi_sections	.debug_frame
  19              		.section	.text.decreasePWM,"ax",%progbits
  20              		.align	2
  21              		.global	decreasePWM
  22              		.thumb
  23              		.thumb_func
  24              		.type	decreasePWM, %function
  25              	decreasePWM:
  26              	.LFB63:
  27              		.file 1 "PWMFuncs.c"
   1:PWMFuncs.c    **** #include "PWMFuncs.h"
   2:PWMFuncs.c    **** #include "project.h"
   3:PWMFuncs.c    **** 
   4:PWMFuncs.c    **** void decreasePWM(int x)
   5:PWMFuncs.c    **** {
  28              		.loc 1 5 0
  29              		.cfi_startproc
  30              		@ args = 0, pretend = 0, frame = 0
  31              		@ frame_needed = 0, uses_anonymous_args = 0
  32              	.LVL0:
  33 0000 10B5     		push	{r4, lr}
  34              		.cfi_def_cfa_offset 8
  35              		.cfi_offset 4, -8
  36              		.cfi_offset 14, -4
  37 0002 0446     		mov	r4, r0
   6:PWMFuncs.c    ****     UART_1_PutString("Decreasing PWM\r\n");
  38              		.loc 1 6 0
  39 0004 0448     		ldr	r0, .L3
  40              	.LVL1:
  41 0006 FFF7FEFF 		bl	UART_1_PutString
  42              	.LVL2:
   7:PWMFuncs.c    ****     int8_t pwm_duty_val = PWM_1_ReadCompare();
  43              		.loc 1 7 0
  44 000a FFF7FEFF 		bl	PWM_1_ReadCompare
  45              	.LVL3:
   8:PWMFuncs.c    ****     pwm_duty_val -= x;
  46              		.loc 1 8 0
  47 000e 001B     		subs	r0, r0, r4
  48              	.LVL4:
   9:PWMFuncs.c    ****     PWM_1_WriteCompare(pwm_duty_val);
ARM GAS  C:\Users\ANDERS~1\AppData\Local\Temp\ccjNK7Ge.s 			page 2


  49              		.loc 1 9 0
  50 0010 C0B2     		uxtb	r0, r0
  51 0012 FFF7FEFF 		bl	PWM_1_WriteCompare
  52              	.LVL5:
  53 0016 10BD     		pop	{r4, pc}
  54              	.LVL6:
  55              	.L4:
  56              		.align	2
  57              	.L3:
  58 0018 00000000 		.word	.LC0
  59              		.cfi_endproc
  60              	.LFE63:
  61              		.size	decreasePWM, .-decreasePWM
  62              		.section	.text.increasePWM,"ax",%progbits
  63              		.align	2
  64              		.global	increasePWM
  65              		.thumb
  66              		.thumb_func
  67              		.type	increasePWM, %function
  68              	increasePWM:
  69              	.LFB64:
  10:PWMFuncs.c    **** }
  11:PWMFuncs.c    **** 
  12:PWMFuncs.c    **** void increasePWM(int x)
  13:PWMFuncs.c    **** {
  70              		.loc 1 13 0
  71              		.cfi_startproc
  72              		@ args = 0, pretend = 0, frame = 0
  73              		@ frame_needed = 0, uses_anonymous_args = 0
  74              	.LVL7:
  75 0000 10B5     		push	{r4, lr}
  76              		.cfi_def_cfa_offset 8
  77              		.cfi_offset 4, -8
  78              		.cfi_offset 14, -4
  79 0002 0446     		mov	r4, r0
  14:PWMFuncs.c    ****     UART_1_PutString("Increasing PWM\r\n");
  80              		.loc 1 14 0
  81 0004 0448     		ldr	r0, .L7
  82              	.LVL8:
  83 0006 FFF7FEFF 		bl	UART_1_PutString
  84              	.LVL9:
  15:PWMFuncs.c    ****     int8_t pwm_duty_val = PWM_1_ReadCompare();
  85              		.loc 1 15 0
  86 000a FFF7FEFF 		bl	PWM_1_ReadCompare
  87              	.LVL10:
  16:PWMFuncs.c    ****     pwm_duty_val += x;
  88              		.loc 1 16 0
  89 000e 2044     		add	r0, r0, r4
  90              	.LVL11:
  17:PWMFuncs.c    ****     PWM_1_WriteCompare(pwm_duty_val);
  91              		.loc 1 17 0
  92 0010 C0B2     		uxtb	r0, r0
  93 0012 FFF7FEFF 		bl	PWM_1_WriteCompare
  94              	.LVL12:
  95 0016 10BD     		pop	{r4, pc}
  96              	.LVL13:
  97              	.L8:
ARM GAS  C:\Users\ANDERS~1\AppData\Local\Temp\ccjNK7Ge.s 			page 3


  98              		.align	2
  99              	.L7:
 100 0018 14000000 		.word	.LC1
 101              		.cfi_endproc
 102              	.LFE64:
 103              		.size	increasePWM, .-increasePWM
 104              		.section	.text.setPWM0,"ax",%progbits
 105              		.align	2
 106              		.global	setPWM0
 107              		.thumb
 108              		.thumb_func
 109              		.type	setPWM0, %function
 110              	setPWM0:
 111              	.LFB65:
  18:PWMFuncs.c    **** }
  19:PWMFuncs.c    **** 
  20:PWMFuncs.c    **** void setPWM0()
  21:PWMFuncs.c    **** {
 112              		.loc 1 21 0
 113              		.cfi_startproc
 114              		@ args = 0, pretend = 0, frame = 0
 115              		@ frame_needed = 0, uses_anonymous_args = 0
 116 0000 08B5     		push	{r3, lr}
 117              		.cfi_def_cfa_offset 8
 118              		.cfi_offset 3, -8
 119              		.cfi_offset 14, -4
  22:PWMFuncs.c    ****     UART_1_PutString("Setting PWM 0\r\n");
 120              		.loc 1 22 0
 121 0002 0348     		ldr	r0, .L11
 122 0004 FFF7FEFF 		bl	UART_1_PutString
 123              	.LVL14:
  23:PWMFuncs.c    ****     int8_t pwm_duty_val = 0;
  24:PWMFuncs.c    ****     PWM_1_WriteCompare(pwm_duty_val);
 124              		.loc 1 24 0
 125 0008 0020     		movs	r0, #0
 126 000a FFF7FEFF 		bl	PWM_1_WriteCompare
 127              	.LVL15:
 128 000e 08BD     		pop	{r3, pc}
 129              	.L12:
 130              		.align	2
 131              	.L11:
 132 0010 28000000 		.word	.LC2
 133              		.cfi_endproc
 134              	.LFE65:
 135              		.size	setPWM0, .-setPWM0
 136              		.section	.rodata.str1.4,"aMS",%progbits,1
 137              		.align	2
 138              	.LC0:
 139 0000 44656372 		.ascii	"Decreasing PWM\015\012\000"
 139      65617369 
 139      6E672050 
 139      574D0D0A 
 139      00
 140 0011 000000   		.space	3
 141              	.LC1:
 142 0014 496E6372 		.ascii	"Increasing PWM\015\012\000"
 142      65617369 
ARM GAS  C:\Users\ANDERS~1\AppData\Local\Temp\ccjNK7Ge.s 			page 4


 142      6E672050 
 142      574D0D0A 
 142      00
 143 0025 000000   		.space	3
 144              	.LC2:
 145 0028 53657474 		.ascii	"Setting PWM 0\015\012\000"
 145      696E6720 
 145      50574D20 
 145      300D0A00 
 146              		.text
 147              	.Letext0:
 148              		.file 2 "c:\\program files (x86)\\cypress\\psoc creator\\4.2\\psoc creator\\import\\gnu\\arm\\5.4.
 149              		.file 3 "c:\\program files (x86)\\cypress\\psoc creator\\4.2\\psoc creator\\import\\gnu\\arm\\5.4.
 150              		.file 4 "Generated_Source\\PSoC5/UART_1.h"
 151              		.file 5 "Generated_Source\\PSoC5/PWM_1.h"
 152              		.file 6 "Generated_Source\\PSoC5/core_cm3.h"
 153              		.section	.debug_info,"",%progbits
 154              	.Ldebug_info0:
 155 0000 E7010000 		.4byte	0x1e7
 156 0004 0400     		.2byte	0x4
 157 0006 00000000 		.4byte	.Ldebug_abbrev0
 158 000a 04       		.byte	0x4
 159 000b 01       		.uleb128 0x1
 160 000c 40000000 		.4byte	.LASF24
 161 0010 0C       		.byte	0xc
 162 0011 F3000000 		.4byte	.LASF25
 163 0015 1F010000 		.4byte	.LASF26
 164 0019 00000000 		.4byte	.Ldebug_ranges0+0
 165 001d 00000000 		.4byte	0
 166 0021 00000000 		.4byte	.Ldebug_line0
 167 0025 02       		.uleb128 0x2
 168 0026 00000000 		.4byte	.LASF4
 169 002a 02       		.byte	0x2
 170 002b 1B       		.byte	0x1b
 171 002c 30000000 		.4byte	0x30
 172 0030 03       		.uleb128 0x3
 173 0031 01       		.byte	0x1
 174 0032 06       		.byte	0x6
 175 0033 02020000 		.4byte	.LASF0
 176 0037 03       		.uleb128 0x3
 177 0038 01       		.byte	0x1
 178 0039 08       		.byte	0x8
 179 003a 32000000 		.4byte	.LASF1
 180 003e 03       		.uleb128 0x3
 181 003f 02       		.byte	0x2
 182 0040 05       		.byte	0x5
 183 0041 E3010000 		.4byte	.LASF2
 184 0045 03       		.uleb128 0x3
 185 0046 02       		.byte	0x2
 186 0047 07       		.byte	0x7
 187 0048 E0000000 		.4byte	.LASF3
 188 004c 02       		.uleb128 0x2
 189 004d 09000000 		.4byte	.LASF5
 190 0051 02       		.byte	0x2
 191 0052 3F       		.byte	0x3f
 192 0053 57000000 		.4byte	0x57
 193 0057 03       		.uleb128 0x3
ARM GAS  C:\Users\ANDERS~1\AppData\Local\Temp\ccjNK7Ge.s 			page 5


 194 0058 04       		.byte	0x4
 195 0059 05       		.byte	0x5
 196 005a ED010000 		.4byte	.LASF6
 197 005e 03       		.uleb128 0x3
 198 005f 04       		.byte	0x4
 199 0060 07       		.byte	0x7
 200 0061 CE000000 		.4byte	.LASF7
 201 0065 03       		.uleb128 0x3
 202 0066 08       		.byte	0x8
 203 0067 05       		.byte	0x5
 204 0068 C4010000 		.4byte	.LASF8
 205 006c 03       		.uleb128 0x3
 206 006d 08       		.byte	0x8
 207 006e 07       		.byte	0x7
 208 006f 81010000 		.4byte	.LASF9
 209 0073 04       		.uleb128 0x4
 210 0074 04       		.byte	0x4
 211 0075 05       		.byte	0x5
 212 0076 696E7400 		.ascii	"int\000"
 213 007a 03       		.uleb128 0x3
 214 007b 04       		.byte	0x4
 215 007c 07       		.byte	0x7
 216 007d 74010000 		.4byte	.LASF10
 217 0081 02       		.uleb128 0x2
 218 0082 25000000 		.4byte	.LASF11
 219 0086 03       		.byte	0x3
 220 0087 14       		.byte	0x14
 221 0088 25000000 		.4byte	0x25
 222 008c 02       		.uleb128 0x2
 223 008d A0010000 		.4byte	.LASF12
 224 0091 03       		.byte	0x3
 225 0092 2C       		.byte	0x2c
 226 0093 4C000000 		.4byte	0x4c
 227 0097 03       		.uleb128 0x3
 228 0098 04       		.byte	0x4
 229 0099 04       		.byte	0x4
 230 009a 2C000000 		.4byte	.LASF13
 231 009e 03       		.uleb128 0x3
 232 009f 08       		.byte	0x8
 233 00a0 04       		.byte	0x4
 234 00a1 18010000 		.4byte	.LASF14
 235 00a5 03       		.uleb128 0x3
 236 00a6 01       		.byte	0x1
 237 00a7 08       		.byte	0x8
 238 00a8 DE010000 		.4byte	.LASF15
 239 00ac 03       		.uleb128 0x3
 240 00ad 08       		.byte	0x8
 241 00ae 04       		.byte	0x4
 242 00af F6010000 		.4byte	.LASF16
 243 00b3 03       		.uleb128 0x3
 244 00b4 04       		.byte	0x4
 245 00b5 07       		.byte	0x7
 246 00b6 A8010000 		.4byte	.LASF17
 247 00ba 05       		.uleb128 0x5
 248 00bb 68010000 		.4byte	.LASF18
 249 00bf 01       		.byte	0x1
 250 00c0 04       		.byte	0x4
ARM GAS  C:\Users\ANDERS~1\AppData\Local\Temp\ccjNK7Ge.s 			page 6


 251 00c1 00000000 		.4byte	.LFB63
 252 00c5 1C000000 		.4byte	.LFE63-.LFB63
 253 00c9 01       		.uleb128 0x1
 254 00ca 9C       		.byte	0x9c
 255 00cb 15010000 		.4byte	0x115
 256 00cf 06       		.uleb128 0x6
 257 00d0 7800     		.ascii	"x\000"
 258 00d2 01       		.byte	0x1
 259 00d3 04       		.byte	0x4
 260 00d4 73000000 		.4byte	0x73
 261 00d8 00000000 		.4byte	.LLST0
 262 00dc 07       		.uleb128 0x7
 263 00dd 0B010000 		.4byte	.LASF20
 264 00e1 01       		.byte	0x1
 265 00e2 07       		.byte	0x7
 266 00e3 81000000 		.4byte	0x81
 267 00e7 2C000000 		.4byte	.LLST1
 268 00eb 08       		.uleb128 0x8
 269 00ec 0A000000 		.4byte	.LVL2
 270 00f0 C9010000 		.4byte	0x1c9
 271 00f4 02010000 		.4byte	0x102
 272 00f8 09       		.uleb128 0x9
 273 00f9 01       		.uleb128 0x1
 274 00fa 50       		.byte	0x50
 275 00fb 05       		.uleb128 0x5
 276 00fc 03       		.byte	0x3
 277 00fd 00000000 		.4byte	.LC0
 278 0101 00       		.byte	0
 279 0102 0A       		.uleb128 0xa
 280 0103 0E000000 		.4byte	.LVL3
 281 0107 D4010000 		.4byte	0x1d4
 282 010b 0A       		.uleb128 0xa
 283 010c 16000000 		.4byte	.LVL5
 284 0110 DF010000 		.4byte	0x1df
 285 0114 00       		.byte	0
 286 0115 05       		.uleb128 0x5
 287 0116 D2010000 		.4byte	.LASF19
 288 011a 01       		.byte	0x1
 289 011b 0C       		.byte	0xc
 290 011c 00000000 		.4byte	.LFB64
 291 0120 1C000000 		.4byte	.LFE64-.LFB64
 292 0124 01       		.uleb128 0x1
 293 0125 9C       		.byte	0x9c
 294 0126 70010000 		.4byte	0x170
 295 012a 06       		.uleb128 0x6
 296 012b 7800     		.ascii	"x\000"
 297 012d 01       		.byte	0x1
 298 012e 0C       		.byte	0xc
 299 012f 73000000 		.4byte	0x73
 300 0133 3F000000 		.4byte	.LLST2
 301 0137 07       		.uleb128 0x7
 302 0138 0B010000 		.4byte	.LASF20
 303 013c 01       		.byte	0x1
 304 013d 0F       		.byte	0xf
 305 013e 81000000 		.4byte	0x81
 306 0142 6B000000 		.4byte	.LLST3
 307 0146 08       		.uleb128 0x8
ARM GAS  C:\Users\ANDERS~1\AppData\Local\Temp\ccjNK7Ge.s 			page 7


 308 0147 0A000000 		.4byte	.LVL9
 309 014b C9010000 		.4byte	0x1c9
 310 014f 5D010000 		.4byte	0x15d
 311 0153 09       		.uleb128 0x9
 312 0154 01       		.uleb128 0x1
 313 0155 50       		.byte	0x50
 314 0156 05       		.uleb128 0x5
 315 0157 03       		.byte	0x3
 316 0158 14000000 		.4byte	.LC1
 317 015c 00       		.byte	0
 318 015d 0A       		.uleb128 0xa
 319 015e 0E000000 		.4byte	.LVL10
 320 0162 D4010000 		.4byte	0x1d4
 321 0166 0A       		.uleb128 0xa
 322 0167 16000000 		.4byte	.LVL12
 323 016b DF010000 		.4byte	0x1df
 324 016f 00       		.byte	0
 325 0170 0B       		.uleb128 0xb
 326 0171 98010000 		.4byte	.LASF27
 327 0175 01       		.byte	0x1
 328 0176 14       		.byte	0x14
 329 0177 00000000 		.4byte	.LFB65
 330 017b 14000000 		.4byte	.LFE65-.LFB65
 331 017f 01       		.uleb128 0x1
 332 0180 9C       		.byte	0x9c
 333 0181 B8010000 		.4byte	0x1b8
 334 0185 0C       		.uleb128 0xc
 335 0186 0B010000 		.4byte	.LASF20
 336 018a 01       		.byte	0x1
 337 018b 17       		.byte	0x17
 338 018c 81000000 		.4byte	0x81
 339 0190 00       		.byte	0
 340 0191 08       		.uleb128 0x8
 341 0192 08000000 		.4byte	.LVL14
 342 0196 C9010000 		.4byte	0x1c9
 343 019a A8010000 		.4byte	0x1a8
 344 019e 09       		.uleb128 0x9
 345 019f 01       		.uleb128 0x1
 346 01a0 50       		.byte	0x50
 347 01a1 05       		.uleb128 0x5
 348 01a2 03       		.byte	0x3
 349 01a3 28000000 		.4byte	.LC2
 350 01a7 00       		.byte	0
 351 01a8 0D       		.uleb128 0xd
 352 01a9 0E000000 		.4byte	.LVL15
 353 01ad DF010000 		.4byte	0x1df
 354 01b1 09       		.uleb128 0x9
 355 01b2 01       		.uleb128 0x1
 356 01b3 50       		.byte	0x50
 357 01b4 01       		.uleb128 0x1
 358 01b5 30       		.byte	0x30
 359 01b6 00       		.byte	0
 360 01b7 00       		.byte	0
 361 01b8 0E       		.uleb128 0xe
 362 01b9 FE000000 		.4byte	.LASF28
 363 01bd 06       		.byte	0x6
 364 01be 9606     		.2byte	0x696
ARM GAS  C:\Users\ANDERS~1\AppData\Local\Temp\ccjNK7Ge.s 			page 8


 365 01c0 C4010000 		.4byte	0x1c4
 366 01c4 0F       		.uleb128 0xf
 367 01c5 8C000000 		.4byte	0x8c
 368 01c9 10       		.uleb128 0x10
 369 01ca 0E020000 		.4byte	.LASF21
 370 01ce 0E020000 		.4byte	.LASF21
 371 01d2 04       		.byte	0x4
 372 01d3 8B       		.byte	0x8b
 373 01d4 10       		.uleb128 0x10
 374 01d5 13000000 		.4byte	.LASF22
 375 01d9 13000000 		.4byte	.LASF22
 376 01dd 05       		.byte	0x5
 377 01de C5       		.byte	0xc5
 378 01df 10       		.uleb128 0x10
 379 01e0 B1010000 		.4byte	.LASF23
 380 01e4 B1010000 		.4byte	.LASF23
 381 01e8 05       		.byte	0x5
 382 01e9 C3       		.byte	0xc3
 383 01ea 00       		.byte	0
 384              		.section	.debug_abbrev,"",%progbits
 385              	.Ldebug_abbrev0:
 386 0000 01       		.uleb128 0x1
 387 0001 11       		.uleb128 0x11
 388 0002 01       		.byte	0x1
 389 0003 25       		.uleb128 0x25
 390 0004 0E       		.uleb128 0xe
 391 0005 13       		.uleb128 0x13
 392 0006 0B       		.uleb128 0xb
 393 0007 03       		.uleb128 0x3
 394 0008 0E       		.uleb128 0xe
 395 0009 1B       		.uleb128 0x1b
 396 000a 0E       		.uleb128 0xe
 397 000b 55       		.uleb128 0x55
 398 000c 17       		.uleb128 0x17
 399 000d 11       		.uleb128 0x11
 400 000e 01       		.uleb128 0x1
 401 000f 10       		.uleb128 0x10
 402 0010 17       		.uleb128 0x17
 403 0011 00       		.byte	0
 404 0012 00       		.byte	0
 405 0013 02       		.uleb128 0x2
 406 0014 16       		.uleb128 0x16
 407 0015 00       		.byte	0
 408 0016 03       		.uleb128 0x3
 409 0017 0E       		.uleb128 0xe
 410 0018 3A       		.uleb128 0x3a
 411 0019 0B       		.uleb128 0xb
 412 001a 3B       		.uleb128 0x3b
 413 001b 0B       		.uleb128 0xb
 414 001c 49       		.uleb128 0x49
 415 001d 13       		.uleb128 0x13
 416 001e 00       		.byte	0
 417 001f 00       		.byte	0
 418 0020 03       		.uleb128 0x3
 419 0021 24       		.uleb128 0x24
 420 0022 00       		.byte	0
 421 0023 0B       		.uleb128 0xb
ARM GAS  C:\Users\ANDERS~1\AppData\Local\Temp\ccjNK7Ge.s 			page 9


 422 0024 0B       		.uleb128 0xb
 423 0025 3E       		.uleb128 0x3e
 424 0026 0B       		.uleb128 0xb
 425 0027 03       		.uleb128 0x3
 426 0028 0E       		.uleb128 0xe
 427 0029 00       		.byte	0
 428 002a 00       		.byte	0
 429 002b 04       		.uleb128 0x4
 430 002c 24       		.uleb128 0x24
 431 002d 00       		.byte	0
 432 002e 0B       		.uleb128 0xb
 433 002f 0B       		.uleb128 0xb
 434 0030 3E       		.uleb128 0x3e
 435 0031 0B       		.uleb128 0xb
 436 0032 03       		.uleb128 0x3
 437 0033 08       		.uleb128 0x8
 438 0034 00       		.byte	0
 439 0035 00       		.byte	0
 440 0036 05       		.uleb128 0x5
 441 0037 2E       		.uleb128 0x2e
 442 0038 01       		.byte	0x1
 443 0039 3F       		.uleb128 0x3f
 444 003a 19       		.uleb128 0x19
 445 003b 03       		.uleb128 0x3
 446 003c 0E       		.uleb128 0xe
 447 003d 3A       		.uleb128 0x3a
 448 003e 0B       		.uleb128 0xb
 449 003f 3B       		.uleb128 0x3b
 450 0040 0B       		.uleb128 0xb
 451 0041 27       		.uleb128 0x27
 452 0042 19       		.uleb128 0x19
 453 0043 11       		.uleb128 0x11
 454 0044 01       		.uleb128 0x1
 455 0045 12       		.uleb128 0x12
 456 0046 06       		.uleb128 0x6
 457 0047 40       		.uleb128 0x40
 458 0048 18       		.uleb128 0x18
 459 0049 9742     		.uleb128 0x2117
 460 004b 19       		.uleb128 0x19
 461 004c 01       		.uleb128 0x1
 462 004d 13       		.uleb128 0x13
 463 004e 00       		.byte	0
 464 004f 00       		.byte	0
 465 0050 06       		.uleb128 0x6
 466 0051 05       		.uleb128 0x5
 467 0052 00       		.byte	0
 468 0053 03       		.uleb128 0x3
 469 0054 08       		.uleb128 0x8
 470 0055 3A       		.uleb128 0x3a
 471 0056 0B       		.uleb128 0xb
 472 0057 3B       		.uleb128 0x3b
 473 0058 0B       		.uleb128 0xb
 474 0059 49       		.uleb128 0x49
 475 005a 13       		.uleb128 0x13
 476 005b 02       		.uleb128 0x2
 477 005c 17       		.uleb128 0x17
 478 005d 00       		.byte	0
ARM GAS  C:\Users\ANDERS~1\AppData\Local\Temp\ccjNK7Ge.s 			page 10


 479 005e 00       		.byte	0
 480 005f 07       		.uleb128 0x7
 481 0060 34       		.uleb128 0x34
 482 0061 00       		.byte	0
 483 0062 03       		.uleb128 0x3
 484 0063 0E       		.uleb128 0xe
 485 0064 3A       		.uleb128 0x3a
 486 0065 0B       		.uleb128 0xb
 487 0066 3B       		.uleb128 0x3b
 488 0067 0B       		.uleb128 0xb
 489 0068 49       		.uleb128 0x49
 490 0069 13       		.uleb128 0x13
 491 006a 02       		.uleb128 0x2
 492 006b 17       		.uleb128 0x17
 493 006c 00       		.byte	0
 494 006d 00       		.byte	0
 495 006e 08       		.uleb128 0x8
 496 006f 898201   		.uleb128 0x4109
 497 0072 01       		.byte	0x1
 498 0073 11       		.uleb128 0x11
 499 0074 01       		.uleb128 0x1
 500 0075 31       		.uleb128 0x31
 501 0076 13       		.uleb128 0x13
 502 0077 01       		.uleb128 0x1
 503 0078 13       		.uleb128 0x13
 504 0079 00       		.byte	0
 505 007a 00       		.byte	0
 506 007b 09       		.uleb128 0x9
 507 007c 8A8201   		.uleb128 0x410a
 508 007f 00       		.byte	0
 509 0080 02       		.uleb128 0x2
 510 0081 18       		.uleb128 0x18
 511 0082 9142     		.uleb128 0x2111
 512 0084 18       		.uleb128 0x18
 513 0085 00       		.byte	0
 514 0086 00       		.byte	0
 515 0087 0A       		.uleb128 0xa
 516 0088 898201   		.uleb128 0x4109
 517 008b 00       		.byte	0
 518 008c 11       		.uleb128 0x11
 519 008d 01       		.uleb128 0x1
 520 008e 31       		.uleb128 0x31
 521 008f 13       		.uleb128 0x13
 522 0090 00       		.byte	0
 523 0091 00       		.byte	0
 524 0092 0B       		.uleb128 0xb
 525 0093 2E       		.uleb128 0x2e
 526 0094 01       		.byte	0x1
 527 0095 3F       		.uleb128 0x3f
 528 0096 19       		.uleb128 0x19
 529 0097 03       		.uleb128 0x3
 530 0098 0E       		.uleb128 0xe
 531 0099 3A       		.uleb128 0x3a
 532 009a 0B       		.uleb128 0xb
 533 009b 3B       		.uleb128 0x3b
 534 009c 0B       		.uleb128 0xb
 535 009d 11       		.uleb128 0x11
ARM GAS  C:\Users\ANDERS~1\AppData\Local\Temp\ccjNK7Ge.s 			page 11


 536 009e 01       		.uleb128 0x1
 537 009f 12       		.uleb128 0x12
 538 00a0 06       		.uleb128 0x6
 539 00a1 40       		.uleb128 0x40
 540 00a2 18       		.uleb128 0x18
 541 00a3 9742     		.uleb128 0x2117
 542 00a5 19       		.uleb128 0x19
 543 00a6 01       		.uleb128 0x1
 544 00a7 13       		.uleb128 0x13
 545 00a8 00       		.byte	0
 546 00a9 00       		.byte	0
 547 00aa 0C       		.uleb128 0xc
 548 00ab 34       		.uleb128 0x34
 549 00ac 00       		.byte	0
 550 00ad 03       		.uleb128 0x3
 551 00ae 0E       		.uleb128 0xe
 552 00af 3A       		.uleb128 0x3a
 553 00b0 0B       		.uleb128 0xb
 554 00b1 3B       		.uleb128 0x3b
 555 00b2 0B       		.uleb128 0xb
 556 00b3 49       		.uleb128 0x49
 557 00b4 13       		.uleb128 0x13
 558 00b5 1C       		.uleb128 0x1c
 559 00b6 0B       		.uleb128 0xb
 560 00b7 00       		.byte	0
 561 00b8 00       		.byte	0
 562 00b9 0D       		.uleb128 0xd
 563 00ba 898201   		.uleb128 0x4109
 564 00bd 01       		.byte	0x1
 565 00be 11       		.uleb128 0x11
 566 00bf 01       		.uleb128 0x1
 567 00c0 31       		.uleb128 0x31
 568 00c1 13       		.uleb128 0x13
 569 00c2 00       		.byte	0
 570 00c3 00       		.byte	0
 571 00c4 0E       		.uleb128 0xe
 572 00c5 34       		.uleb128 0x34
 573 00c6 00       		.byte	0
 574 00c7 03       		.uleb128 0x3
 575 00c8 0E       		.uleb128 0xe
 576 00c9 3A       		.uleb128 0x3a
 577 00ca 0B       		.uleb128 0xb
 578 00cb 3B       		.uleb128 0x3b
 579 00cc 05       		.uleb128 0x5
 580 00cd 49       		.uleb128 0x49
 581 00ce 13       		.uleb128 0x13
 582 00cf 3F       		.uleb128 0x3f
 583 00d0 19       		.uleb128 0x19
 584 00d1 3C       		.uleb128 0x3c
 585 00d2 19       		.uleb128 0x19
 586 00d3 00       		.byte	0
 587 00d4 00       		.byte	0
 588 00d5 0F       		.uleb128 0xf
 589 00d6 35       		.uleb128 0x35
 590 00d7 00       		.byte	0
 591 00d8 49       		.uleb128 0x49
 592 00d9 13       		.uleb128 0x13
ARM GAS  C:\Users\ANDERS~1\AppData\Local\Temp\ccjNK7Ge.s 			page 12


 593 00da 00       		.byte	0
 594 00db 00       		.byte	0
 595 00dc 10       		.uleb128 0x10
 596 00dd 2E       		.uleb128 0x2e
 597 00de 00       		.byte	0
 598 00df 3F       		.uleb128 0x3f
 599 00e0 19       		.uleb128 0x19
 600 00e1 3C       		.uleb128 0x3c
 601 00e2 19       		.uleb128 0x19
 602 00e3 6E       		.uleb128 0x6e
 603 00e4 0E       		.uleb128 0xe
 604 00e5 03       		.uleb128 0x3
 605 00e6 0E       		.uleb128 0xe
 606 00e7 3A       		.uleb128 0x3a
 607 00e8 0B       		.uleb128 0xb
 608 00e9 3B       		.uleb128 0x3b
 609 00ea 0B       		.uleb128 0xb
 610 00eb 00       		.byte	0
 611 00ec 00       		.byte	0
 612 00ed 00       		.byte	0
 613              		.section	.debug_loc,"",%progbits
 614              	.Ldebug_loc0:
 615              	.LLST0:
 616 0000 00000000 		.4byte	.LVL0
 617 0004 06000000 		.4byte	.LVL1
 618 0008 0100     		.2byte	0x1
 619 000a 50       		.byte	0x50
 620 000b 06000000 		.4byte	.LVL1
 621 000f 18000000 		.4byte	.LVL6
 622 0013 0100     		.2byte	0x1
 623 0015 54       		.byte	0x54
 624 0016 18000000 		.4byte	.LVL6
 625 001a 1C000000 		.4byte	.LFE63
 626 001e 0400     		.2byte	0x4
 627 0020 F3       		.byte	0xf3
 628 0021 01       		.uleb128 0x1
 629 0022 50       		.byte	0x50
 630 0023 9F       		.byte	0x9f
 631 0024 00000000 		.4byte	0
 632 0028 00000000 		.4byte	0
 633              	.LLST1:
 634 002c 0E000000 		.4byte	.LVL3
 635 0030 15000000 		.4byte	.LVL5-1
 636 0034 0100     		.2byte	0x1
 637 0036 50       		.byte	0x50
 638 0037 00000000 		.4byte	0
 639 003b 00000000 		.4byte	0
 640              	.LLST2:
 641 003f 00000000 		.4byte	.LVL7
 642 0043 06000000 		.4byte	.LVL8
 643 0047 0100     		.2byte	0x1
 644 0049 50       		.byte	0x50
 645 004a 06000000 		.4byte	.LVL8
 646 004e 18000000 		.4byte	.LVL13
 647 0052 0100     		.2byte	0x1
 648 0054 54       		.byte	0x54
 649 0055 18000000 		.4byte	.LVL13
ARM GAS  C:\Users\ANDERS~1\AppData\Local\Temp\ccjNK7Ge.s 			page 13


 650 0059 1C000000 		.4byte	.LFE64
 651 005d 0400     		.2byte	0x4
 652 005f F3       		.byte	0xf3
 653 0060 01       		.uleb128 0x1
 654 0061 50       		.byte	0x50
 655 0062 9F       		.byte	0x9f
 656 0063 00000000 		.4byte	0
 657 0067 00000000 		.4byte	0
 658              	.LLST3:
 659 006b 0E000000 		.4byte	.LVL10
 660 006f 15000000 		.4byte	.LVL12-1
 661 0073 0100     		.2byte	0x1
 662 0075 50       		.byte	0x50
 663 0076 00000000 		.4byte	0
 664 007a 00000000 		.4byte	0
 665              		.section	.debug_aranges,"",%progbits
 666 0000 2C000000 		.4byte	0x2c
 667 0004 0200     		.2byte	0x2
 668 0006 00000000 		.4byte	.Ldebug_info0
 669 000a 04       		.byte	0x4
 670 000b 00       		.byte	0
 671 000c 0000     		.2byte	0
 672 000e 0000     		.2byte	0
 673 0010 00000000 		.4byte	.LFB63
 674 0014 1C000000 		.4byte	.LFE63-.LFB63
 675 0018 00000000 		.4byte	.LFB64
 676 001c 1C000000 		.4byte	.LFE64-.LFB64
 677 0020 00000000 		.4byte	.LFB65
 678 0024 14000000 		.4byte	.LFE65-.LFB65
 679 0028 00000000 		.4byte	0
 680 002c 00000000 		.4byte	0
 681              		.section	.debug_ranges,"",%progbits
 682              	.Ldebug_ranges0:
 683 0000 00000000 		.4byte	.LFB63
 684 0004 1C000000 		.4byte	.LFE63
 685 0008 00000000 		.4byte	.LFB64
 686 000c 1C000000 		.4byte	.LFE64
 687 0010 00000000 		.4byte	.LFB65
 688 0014 14000000 		.4byte	.LFE65
 689 0018 00000000 		.4byte	0
 690 001c 00000000 		.4byte	0
 691              		.section	.debug_line,"",%progbits
 692              	.Ldebug_line0:
 693 0000 95010000 		.section	.debug_str,"MS",%progbits,1
 693      02005A01 
 693      00000201 
 693      FB0E0D00 
 693      01010101 
 694              	.LASF4:
 695 0000 5F5F696E 		.ascii	"__int8_t\000"
 695      74385F74 
 695      00
 696              	.LASF5:
 697 0009 5F5F696E 		.ascii	"__int32_t\000"
 697      7433325F 
 697      7400
 698              	.LASF22:
ARM GAS  C:\Users\ANDERS~1\AppData\Local\Temp\ccjNK7Ge.s 			page 14


 699 0013 50574D5F 		.ascii	"PWM_1_ReadCompare\000"
 699      315F5265 
 699      6164436F 
 699      6D706172 
 699      6500
 700              	.LASF11:
 701 0025 696E7438 		.ascii	"int8_t\000"
 701      5F7400
 702              	.LASF13:
 703 002c 666C6F61 		.ascii	"float\000"
 703      7400
 704              	.LASF1:
 705 0032 756E7369 		.ascii	"unsigned char\000"
 705      676E6564 
 705      20636861 
 705      7200
 706              	.LASF24:
 707 0040 474E5520 		.ascii	"GNU C11 5.4.1 20160609 (release) [ARM/embedded-5-br"
 707      43313120 
 707      352E342E 
 707      31203230 
 707      31363036 
 708 0073 616E6368 		.ascii	"anch revision 237715] -mcpu=cortex-m3 -mthumb -g -O"
 708      20726576 
 708      6973696F 
 708      6E203233 
 708      37373135 
 709 00a6 67202D66 		.ascii	"g -ffunction-sections -ffat-lto-objects\000"
 709      66756E63 
 709      74696F6E 
 709      2D736563 
 709      74696F6E 
 710              	.LASF7:
 711 00ce 6C6F6E67 		.ascii	"long unsigned int\000"
 711      20756E73 
 711      69676E65 
 711      6420696E 
 711      7400
 712              	.LASF3:
 713 00e0 73686F72 		.ascii	"short unsigned int\000"
 713      7420756E 
 713      7369676E 
 713      65642069 
 713      6E7400
 714              	.LASF25:
 715 00f3 50574D46 		.ascii	"PWMFuncs.c\000"
 715      756E6373 
 715      2E6300
 716              	.LASF28:
 717 00fe 49544D5F 		.ascii	"ITM_RxBuffer\000"
 717      52784275 
 717      66666572 
 717      00
 718              	.LASF20:
 719 010b 70776D5F 		.ascii	"pwm_duty_val\000"
 719      64757479 
 719      5F76616C 
ARM GAS  C:\Users\ANDERS~1\AppData\Local\Temp\ccjNK7Ge.s 			page 15


 719      00
 720              	.LASF14:
 721 0118 646F7562 		.ascii	"double\000"
 721      6C6500
 722              	.LASF26:
 723 011f 433A5C55 		.ascii	"C:\\Users\\Anders Hansen\\Desktop\\shootingControlS"
 723      73657273 
 723      5C416E64 
 723      65727320 
 723      48616E73 
 724 014e 575C7368 		.ascii	"W\\shootingControlSW.cydsn\000"
 724      6F6F7469 
 724      6E67436F 
 724      6E74726F 
 724      6C53572E 
 725              	.LASF18:
 726 0168 64656372 		.ascii	"decreasePWM\000"
 726      65617365 
 726      50574D00 
 727              	.LASF10:
 728 0174 756E7369 		.ascii	"unsigned int\000"
 728      676E6564 
 728      20696E74 
 728      00
 729              	.LASF9:
 730 0181 6C6F6E67 		.ascii	"long long unsigned int\000"
 730      206C6F6E 
 730      6720756E 
 730      7369676E 
 730      65642069 
 731              	.LASF27:
 732 0198 73657450 		.ascii	"setPWM0\000"
 732      574D3000 
 733              	.LASF12:
 734 01a0 696E7433 		.ascii	"int32_t\000"
 734      325F7400 
 735              	.LASF17:
 736 01a8 73697A65 		.ascii	"sizetype\000"
 736      74797065 
 736      00
 737              	.LASF23:
 738 01b1 50574D5F 		.ascii	"PWM_1_WriteCompare\000"
 738      315F5772 
 738      69746543 
 738      6F6D7061 
 738      726500
 739              	.LASF8:
 740 01c4 6C6F6E67 		.ascii	"long long int\000"
 740      206C6F6E 
 740      6720696E 
 740      7400
 741              	.LASF19:
 742 01d2 696E6372 		.ascii	"increasePWM\000"
 742      65617365 
 742      50574D00 
 743              	.LASF15:
 744 01de 63686172 		.ascii	"char\000"
ARM GAS  C:\Users\ANDERS~1\AppData\Local\Temp\ccjNK7Ge.s 			page 16


 744      00
 745              	.LASF2:
 746 01e3 73686F72 		.ascii	"short int\000"
 746      7420696E 
 746      7400
 747              	.LASF6:
 748 01ed 6C6F6E67 		.ascii	"long int\000"
 748      20696E74 
 748      00
 749              	.LASF16:
 750 01f6 6C6F6E67 		.ascii	"long double\000"
 750      20646F75 
 750      626C6500 
 751              	.LASF0:
 752 0202 7369676E 		.ascii	"signed char\000"
 752      65642063 
 752      68617200 
 753              	.LASF21:
 754 020e 55415254 		.ascii	"UART_1_PutString\000"
 754      5F315F50 
 754      75745374 
 754      72696E67 
 754      00
 755              		.ident	"GCC: (GNU Tools for ARM Embedded Processors) 5.4.1 20160609 (release) [ARM/embedded-5-bran
